#
# There is insufficient memory for the Java Runtime Environment to continue.
# Native memory allocation (mmap) failed to map 134217728 bytes for Failed to commit area from 0x0000000081800000 to 0x0000000089800000 of length 134217728.
# Possible reasons:
#   The system is out of physical RAM or swap space
#   The process is running with CompressedOops enabled, and the Java Heap may be blocking the growth of the native heap
# Possible solutions:
#   Reduce memory load on the system
#   Increase physical memory or swap space
#   Check if swap backing store is full
#   Decrease Java heap size (-Xmx/-Xms)
#   Decrease number of Java threads
#   Decrease Java thread stack sizes (-Xss)
#   Set larger code cache with -XX:ReservedCodeCacheSize=
# This output file may be truncated or incomplete.
#
#  Out of Memory Error (src/hotspot/os/windows/os_windows.cpp:3627), pid=11024, tid=4596
#
# JRE version:  (11.0.15) (build )
# Java VM: OpenJDK 64-Bit Server VM (11.0.15+0-b2043.56-9505619, mixed mode, sharing, tiered, compressed oops, g1 gc, windows-amd64)
# No core dump will be written. Minidumps are not enabled by default on client versions of Windows
#

---------------  S U M M A R Y ------------

Command Line: git4idea.http.GitAskPassApp Username for 'https://github.com': 

Host: Intel(R) Core(TM) i5-5200U CPU @ 2.20GHz, 4 cores, 7G,  Windows 10 , 64 bit Build 19041 (10.0.19041.2788)
Time: Fri Apr 21 17:31:57 2023 Hora oficial do Brasil elapsed time: 0.507548 seconds (0d 0h 0m 0s)

---------------  T H R E A D  ---------------

Current thread (0x00000175cb6bf800):  JavaThread "Unknown thread" [_thread_in_vm, id=4596, stack(0x00000023bde00000,0x00000023bdf00000)]

Stack: [0x00000023bde00000,0x00000023bdf00000]
Native frames: (J=compiled Java code, j=interpreted, Vv=VM code, C=native code)
V  [jvm.dll+0x64135a]
V  [jvm.dll+0x7d39f9]
V  [jvm.dll+0x7d51b9]
V  [jvm.dll+0x7d58a3]
V  [jvm.dll+0x2691c5]
V  [jvm.dll+0x63e4e9]
V  [jvm.dll+0x632985]
V  [jvm.dll+0x3231ac]
V  [jvm.dll+0x323032]
V  [jvm.dll+0x327c06]
V  [jvm.dll+0x36ffa2]
V  [jvm.dll+0x36fa01]
V  [jvm.dll+0x2fea28]
V  [jvm.dll+0x2ffb25]
V  [jvm.dll+0x7accd7]
V  [jvm.dll+0x7ae49f]
V  [jvm.dll+0x37d299]
V  [jvm.dll+0x78ef9f]
V  [jvm.dll+0x3ec847]
V  [jvm.dll+0x3eed31]
C  [jli.dll+0x52cb]
C  [ucrtbase.dll+0x21bb2]
C  [KERNEL32.DLL+0x17604]
C  [ntdll.dll+0x526a1]


---------------  P R O C E S S  ---------------

Threads class SMR info:
_java_thread_list=0x00000175c95108f0, length=0, elements={
}

Java Threads: ( => current thread )

Other Threads:
  0x00000175cb6d8800 GCTaskThread "GC Thread#0" [stack: 0x00000023bdf00000,0x00000023be000000] [id=5780]
  0x00000175cb70a000 ConcurrentGCThread "G1 Main Marker" [stack: 0x00000023be000000,0x00000023be100000] [id=9640]
  0x00000175cb70b800 ConcurrentGCThread "G1 Conc#0" [stack: 0x00000023be100000,0x00000023be200000] [id=7972]

[error occurred during error reporting (printing all threads), id 0xc0000005, EXCEPTION_ACCESS_VIOLATION (0xc0000005) at pc=0x00007ff97684f3e7]

VM state:not at safepoint (not fully initialized)

VM Mutex/Monitor currently owned by a thread:  ([mutex/lock_event])
[0x00000175cb6bd290] Heap_lock - owner thread: 0x00000175cb6bf800

Heap address: 0x0000000081800000, size: 2024 MB, Compressed Oops mode: Non-zero based: 0x0000000081800000
Narrow klass base: 0x0000000000000000, Narrow klass shift: 0

GC Heap History (0 events):
No events

Deoptimization events (0 events):
No events

Classes redefined (0 events):
No events

Internal exceptions (0 events):
No events

Events (1 events):
Event: 0.362 Loaded shared library C:\Program Files\Android\Android Studio\jbr\bin\zip.dll


Dynamic libraries:
0x00007ff688f60000 - 0x00007ff688f6a000 	C:\Program Files\Android\Android Studio\jbr\bin\java.exe
0x00007ff9b0810000 - 0x00007ff9b0a08000 	C:\WINDOWS\SYSTEM32\ntdll.dll
0x00007ff9aecb0000 - 0x00007ff9aed6f000 	C:\WINDOWS\System32\KERNEL32.DLL
0x00007ff9ae490000 - 0x00007ff9ae76a000 	C:\WINDOWS\System32\KERNELBASE.dll
0x00007ff9ae770000 - 0x00007ff9ae870000 	C:\WINDOWS\System32\ucrtbase.dll
0x00007ff982ed0000 - 0x00007ff982ee7000 	C:\Program Files\Android\Android Studio\jbr\bin\jli.dll
0x00007ff982eb0000 - 0x00007ff982ecb000 	C:\Program Files\Android\Android Studio\jbr\bin\VCRUNTIME140.dll
0x00007ff9afbe0000 - 0x00007ff9afd7d000 	C:\WINDOWS\System32\USER32.dll
0x00007ff9985c0000 - 0x00007ff99885a000 	C:\WINDOWS\WinSxS\amd64_microsoft.windows.common-controls_6595b64144ccf1df_6.0.19041.1110_none_60b5254171f9507e\COMCTL32.dll
0x00007ff9ae160000 - 0x00007ff9ae182000 	C:\WINDOWS\System32\win32u.dll
0x00007ff9b0050000 - 0x00007ff9b007b000 	C:\WINDOWS\System32\GDI32.dll
0x00007ff9adf20000 - 0x00007ff9ae030000 	C:\WINDOWS\System32\gdi32full.dll
0x00007ff9ae190000 - 0x00007ff9ae22d000 	C:\WINDOWS\System32\msvcp_win.dll
0x00007ff9afd80000 - 0x00007ff9afe1e000 	C:\WINDOWS\System32\msvcrt.dll
0x00007ff9aeff0000 - 0x00007ff9af020000 	C:\WINDOWS\System32\IMM32.DLL
0x00007ff9a3f90000 - 0x00007ff9a3f9c000 	C:\Program Files\Android\Android Studio\jbr\bin\vcruntime140_1.dll
0x00007ff9778a0000 - 0x00007ff97792d000 	C:\Program Files\Android\Android Studio\jbr\bin\msvcp140.dll
0x00007ff976540000 - 0x00007ff9770fc000 	C:\Program Files\Android\Android Studio\jbr\bin\server\jvm.dll
0x00007ff9afb30000 - 0x00007ff9afbde000 	C:\WINDOWS\System32\ADVAPI32.dll
0x00007ff9ae870000 - 0x00007ff9ae90c000 	C:\WINDOWS\System32\sechost.dll
0x00007ff9ae920000 - 0x00007ff9aea46000 	C:\WINDOWS\System32\RPCRT4.dll
0x00007ff9af850000 - 0x00007ff9af858000 	C:\WINDOWS\System32\PSAPI.DLL
0x00007ff998b70000 - 0x00007ff998b79000 	C:\WINDOWS\SYSTEM32\WSOCK32.dll
0x00007ff9a7720000 - 0x00007ff9a772a000 	C:\WINDOWS\SYSTEM32\VERSION.dll
0x00007ff9a36a0000 - 0x00007ff9a36c7000 	C:\WINDOWS\SYSTEM32\WINMM.dll
0x00007ff9af990000 - 0x00007ff9af9fb000 	C:\WINDOWS\System32\WS2_32.dll
0x00007ff9abde0000 - 0x00007ff9abdf2000 	C:\WINDOWS\SYSTEM32\kernel.appcore.dll
0x00007ff99ae20000 - 0x00007ff99ae30000 	C:\Program Files\Android\Android Studio\jbr\bin\verify.dll
0x00007ff999930000 - 0x00007ff999b14000 	C:\WINDOWS\SYSTEM32\DBGHELP.DLL
0x00007ff9989c0000 - 0x00007ff9989f4000 	C:\WINDOWS\SYSTEM32\dbgcore.DLL
0x00007ff9ae400000 - 0x00007ff9ae482000 	C:\WINDOWS\System32\bcryptPrimitives.dll
0x00007ff976510000 - 0x00007ff976538000 	C:\Program Files\Android\Android Studio\jbr\bin\java.dll
0x00007ff9961f0000 - 0x00007ff9961fa000 	C:\Program Files\Android\Android Studio\jbr\bin\jimage.dll
0x00007ff9764f0000 - 0x00007ff976508000 	C:\Program Files\Android\Android Studio\jbr\bin\zip.dll

dbghelp: loaded successfully - version: 4.0.5 - missing functions: none
symbol engine: initialized successfully - sym options: 0x614 - pdb path: .;C:\Program Files\Android\Android Studio\jbr\bin;C:\WINDOWS\SYSTEM32;C:\WINDOWS\WinSxS\amd64_microsoft.windows.common-controls_6595b64144ccf1df_6.0.19041.1110_none_60b5254171f9507e;C:\Program Files\Android\Android Studio\jbr\bin\server

VM Arguments:
java_command: git4idea.http.GitAskPassApp Username for 'https://github.com': 
java_class_path (initial): C:/Program Files/Android/Android Studio/plugins/git4idea/lib/git4idea-rt.jar;C:/Program Files/Android/Android Studio/lib/externalProcess-rt.jar;C:/Program Files/Android/Android Studio/lib/app.jar;C:/Program Files/Android/Android Studio/lib/3rd-party-rt.jar
Launcher Type: SUN_STANDARD

[Global flags]
     intx CICompilerCount                          = 3                                         {product} {ergonomic}
     uint ConcGCThreads                            = 1                                         {product} {ergonomic}
     uint G1ConcRefinementThreads                  = 4                                         {product} {ergonomic}
   size_t G1HeapRegionSize                         = 1048576                                   {product} {ergonomic}
    uintx GCDrainStackTargetSize                   = 64                                        {product} {ergonomic}
   size_t InitialHeapSize                          = 134217728                                 {product} {ergonomic}
   size_t MarkStackSize                            = 4194304                                   {product} {ergonomic}
   size_t MaxHeapSize                              = 2122317824                                {product} {ergonomic}
   size_t MinHeapDeltaBytes                        = 1048576                                   {product} {ergonomic}
    uintx NonNMethodCodeHeapSize                   = 5830732                                {pd product} {ergonomic}
    uintx NonProfiledCodeHeapSize                  = 122913754                              {pd product} {ergonomic}
    uintx ProfiledCodeHeapSize                     = 122913754                              {pd product} {ergonomic}
    uintx ReservedCodeCacheSize                    = 251658240                              {pd product} {ergonomic}
     bool SegmentedCodeCache                       = true                                      {product} {ergonomic}
     bool UseCompressedClassPointers               = true                                 {lp64_product} {ergonomic}
     bool UseCompressedOops                        = true                                 {lp64_product} {ergonomic}
     bool UseG1GC                                  = true                                      {product} {ergonomic}
     bool UseLargePagesIndividualAllocation        = false                                  {pd product} {ergonomic}

Logging:
Log output configuration:
 #0: stdout all=warning uptime,level,tags
 #1: stderr all=off uptime,level,tags

Environment Variables:
PATH=C:\Program Files\Git\mingw64\libexec\git-core;C:\Program Files\Git\mingw64\libexec\git-core;C:\Program Files\Git\mingw64\bin;C:\Program Files\Git\usr\bin;C:\Users\pedro ou renata\bin;C:\ProgramData\Oracle\Java\javapath;C:\Program Files (x86)\Common Files\Oracle\Java\javapath;C:\Program Files\Java\jdk1.8.0_321\bin;C:\Program Files\nodejs;C:\Program Files\Git\cmd;C:\Users\pedro ou renata\AppData\Local\Microsoft\WindowsApps;C:\Users\pedro ou renata\AppData\Local\Programs\Microsoft VS Code\bin, 14.16.1;C:\Users\pedro ou renata\AppData\Roaming\nvm;C:\Program Files\nodejs;C:\Users\pedro ou renata\AppData\Local\Programs\Microsoft VS Code\bin;C:\Users\pedro ou renata\AppData\Roaming\npm;C:\Users\pedro ou renata\AppData\Local\Android\Sdk\emulator
USERNAME=pedro ou renata
DISPLAY=:0.0
LC_ALL=en_US.UTF-8
OS=Windows_NT
PROCESSOR_IDENTIFIER=Intel64 Family 6 Model 61 Stepping 4, GenuineIntel



---------------  S Y S T E M  ---------------

OS: Windows 10 , 64 bit Build 19041 (10.0.19041.2788)
OS uptime: 0 days 3:22 hours

CPU:total 4 (initial active 4) (2 cores per cpu, 2 threads per core) family 6 model 61 stepping 4 microcode 0x2d, cmov, cx8, fxsr, mmx, sse, sse2, sse3, ssse3, sse4.1, sse4.2, popcnt, avx, avx2, aes, clmul, erms, 3dnowpref, lzcnt, ht, tsc, tscinvbit, bmi1, bmi2, adx, fma

Memory: 4k page, system-wide physical 8093M (489M free)
TotalPageFile size 8093M (AvailPageFile size 45M)
current process WorkingSet (physical memory assigned to process): 10M, peak: 10M
current process commit charge ("private bytes"): 51M, peak: 179M

vm_info: OpenJDK 64-Bit Server VM (11.0.15+0-b2043.56-9505619) for windows-amd64 JRE (11.0.15+0-b2043.56-9505619), built on Jan 19 2023 02:48:00 by "builduser" with unknown MS VC++:1929

END.
