#
# There is insufficient memory for the Java Runtime Environment to continue.
# Native memory allocation (malloc) failed to allocate 1308336 bytes for Chunk::new
# Possible reasons:
#   The system is out of physical RAM or swap space
#   The process is running with CompressedOops enabled, and the Java Heap may be blocking the growth of the native heap
# Possible solutions:
#   Reduce memory load on the system
#   Increase physical memory or swap space
#   Check if swap backing store is full
#   Decrease Java heap size (-Xmx/-Xms)
#   Decrease number of Java threads
#   Decrease Java thread stack sizes (-Xss)
#   Set larger code cache with -XX:ReservedCodeCacheSize=
#   JVM is running with Unscaled Compressed Oops mode in which the Java heap is
#     placed in the first 4GB address space. The Java Heap base address is the
#     maximum limit for the native heap growth. Please use -XX:HeapBaseMinAddress
#     to set the Java Heap base and to place the Java Heap above 4GB virtual address.
# This output file may be truncated or incomplete.
#
#  Out of Memory Error (src/hotspot/share/memory/arena.cpp:197), pid=13056, tid=11420
#
# JRE version: OpenJDK Runtime Environment (11.0.15) (build 11.0.15+0-b2043.56-9505619)
# Java VM: OpenJDK 64-Bit Server VM (11.0.15+0-b2043.56-9505619, mixed mode, tiered, compressed oops, g1 gc, windows-amd64)
# No core dump will be written. Minidumps are not enabled by default on client versions of Windows
#

---------------  S U M M A R Y ------------

Command Line: --add-opens=java.base/java.util=ALL-UNNAMED --add-opens=java.base/java.lang=ALL-UNNAMED --add-opens=java.base/java.lang.invoke=ALL-UNNAMED --add-opens=java.base/java.util=ALL-UNNAMED --add-opens=java.prefs/java.util.prefs=ALL-UNNAMED --add-opens=java.prefs/java.util.prefs=ALL-UNNAMED --add-opens=java.base/java.nio.charset=ALL-UNNAMED --add-opens=java.base/java.net=ALL-UNNAMED --add-opens=java.base/java.util.concurrent.atomic=ALL-UNNAMED -Xmx2048m -Dfile.encoding=UTF-8 -Duser.country=BR -Duser.language=pt -Duser.variant org.gradle.launcher.daemon.bootstrap.GradleDaemon 7.5

Host: Intel(R) Core(TM) i5-5200U CPU @ 2.20GHz, 4 cores, 7G,  Windows 10 , 64 bit Build 19041 (10.0.19041.2788)
Time: Thu May 11 19:16:12 2023 Hora oficial do Brasil elapsed time: 199.361751 seconds (0d 0h 3m 19s)

---------------  T H R E A D  ---------------

Current thread (0x00000120cbe38000):  JavaThread "C2 CompilerThread0" daemon [_thread_in_native, id=11420, stack(0x000000015cb00000,0x000000015cc00000)]


Current CompileTask:
C2: 199361 11385       4       org.apache.xerces.parsers.AbstractDOMParser::startElement (883 bytes)

Stack: [0x000000015cb00000,0x000000015cc00000]
Native frames: (J=compiled Java code, j=interpreted, Vv=VM code, C=native code)
V  [jvm.dll+0x64135a]
V  [jvm.dll+0x7d39f9]
V  [jvm.dll+0x7d51b9]
V  [jvm.dll+0x7d58a3]
V  [jvm.dll+0x2691c5]
V  [jvm.dll+0xc1a5c]
V  [jvm.dll+0xc200c]
V  [jvm.dll+0x377462]
V  [jvm.dll+0x342495]
V  [jvm.dll+0x34186a]
V  [jvm.dll+0x2214bd]
V  [jvm.dll+0x220498]
V  [jvm.dll+0x19e851]
V  [jvm.dll+0x230479]
V  [jvm.dll+0x22e5ef]
V  [jvm.dll+0x794de1]
V  [jvm.dll+0x78dc24]
V  [jvm.dll+0x6400f6]
C  [ucrtbase.dll+0x21bb2]
C  [KERNEL32.DLL+0x17604]
C  [ntdll.dll+0x526a1]


---------------  P R O C E S S  ---------------

Threads class SMR info:
_java_thread_list=0x00000120d292d3f0, length=87, elements={
0x00000120b0269000, 0x00000120cbe1a800, 0x00000120cbe1c000, 0x00000120cbe2f800,
0x00000120cbe30000, 0x00000120cbe32800, 0x00000120cbe38000, 0x00000120cbe3c000,
0x00000120cbe3f800, 0x00000120cc912800, 0x00000120ce0fb800, 0x00000120cf6d0800,
0x00000120cf6cf000, 0x00000120cf6d0000, 0x00000120cf6ce800, 0x00000120cd2b4800,
0x00000120cd2b3800, 0x00000120cd2b3000, 0x00000120cd2b5000, 0x00000120cd2b0800,
0x00000120cd2af800, 0x00000120cd2b7000, 0x00000120cd2b6000, 0x00000120cd2b7800,
0x00000120cd2b2000, 0x00000120cd2be000, 0x00000120cd2b8800, 0x00000120cd2bb000,
0x00000120cd2bc000, 0x00000120cd2b9800, 0x00000120cd2ba000, 0x00000120cd2bc800,
0x00000120cce25800, 0x00000120cce21800, 0x00000120cce20000, 0x00000120cce26800,
0x00000120cce28000, 0x00000120cce27000, 0x00000120cce24000, 0x00000120cce22000,
0x00000120cce29000, 0x00000120cce24800, 0x00000120cce23000, 0x00000120cce29800,
0x00000120cce2c000, 0x00000120cce2a800, 0x00000120cce2b000, 0x00000120cce2d800,
0x00000120cce2d000, 0x00000120cce2e800, 0x00000120cd2b1000, 0x00000120cfe22800,
0x00000120cfe1f000, 0x00000120cfe20800, 0x00000120cfe23000, 0x00000120cfe24000,
0x00000120cfe21800, 0x00000120cfe20000, 0x00000120cfe1e800, 0x00000120cfe26800,
0x00000120cfe25000, 0x00000120cfe27800, 0x00000120cfe2b800, 0x00000120cfe29800,
0x00000120cfe28000, 0x00000120cfe29000, 0x00000120cfe25800, 0x00000120cfe2c000,
0x00000120cfe2a800, 0x00000120cfe2d000, 0x00000120d2476000, 0x00000120d2472800,
0x00000120d2472000, 0x00000120d2473800, 0x00000120d2470800, 0x00000120d2474800,
0x00000120d2477000, 0x00000120d2475000, 0x00000120d2471000, 0x00000120d247c800,
0x00000120d2477800, 0x00000120d2478800, 0x00000120d247b800, 0x00000120d247a000,
0x00000120d247d800, 0x00000120d2479800, 0x00000120d247e000
}

Java Threads: ( => current thread )
  0x00000120b0269000 JavaThread "main" [_thread_blocked, id=8664, stack(0x000000015bf00000,0x000000015c000000)]
  0x00000120cbe1a800 JavaThread "Reference Handler" daemon [_thread_blocked, id=1188, stack(0x000000015c600000,0x000000015c700000)]
  0x00000120cbe1c000 JavaThread "Finalizer" daemon [_thread_blocked, id=5840, stack(0x000000015c700000,0x000000015c800000)]
  0x00000120cbe2f800 JavaThread "Signal Dispatcher" daemon [_thread_blocked, id=7380, stack(0x000000015c800000,0x000000015c900000)]
  0x00000120cbe30000 JavaThread "Attach Listener" daemon [_thread_blocked, id=9732, stack(0x000000015c900000,0x000000015ca00000)]
  0x00000120cbe32800 JavaThread "Service Thread" daemon [_thread_blocked, id=11836, stack(0x000000015ca00000,0x000000015cb00000)]
=>0x00000120cbe38000 JavaThread "C2 CompilerThread0" daemon [_thread_in_native, id=11420, stack(0x000000015cb00000,0x000000015cc00000)]
  0x00000120cbe3c000 JavaThread "C1 CompilerThread0" daemon [_thread_blocked, id=420, stack(0x000000015cc00000,0x000000015cd00000)]
  0x00000120cbe3f800 JavaThread "Sweeper thread" daemon [_thread_blocked, id=6244, stack(0x000000015cd00000,0x000000015ce00000)]
  0x00000120cc912800 JavaThread "Common-Cleaner" daemon [_thread_blocked, id=14280, stack(0x000000015ce00000,0x000000015cf00000)]
  0x00000120ce0fb800 JavaThread "Daemon health stats" [_thread_blocked, id=13024, stack(0x000000015d300000,0x000000015d400000)]
  0x00000120cf6d0800 JavaThread "Incoming local TCP Connector on port 54833" [_thread_in_native, id=10140, stack(0x000000015d000000,0x000000015d100000)]
  0x00000120cf6cf000 JavaThread "Daemon periodic checks" [_thread_blocked, id=8824, stack(0x000000015d400000,0x000000015d500000)]
  0x00000120cf6d0000 JavaThread "Daemon" [_thread_blocked, id=13416, stack(0x000000015d500000,0x000000015d600000)]
  0x00000120cf6ce800 JavaThread "Handler for socket connection from /127.0.0.1:54833 to /127.0.0.1:54834" [_thread_in_native, id=6600, stack(0x000000015d600000,0x000000015d700000)]
  0x00000120cd2b4800 JavaThread "Cancel handler" [_thread_blocked, id=11448, stack(0x000000015d700000,0x000000015d800000)]
  0x00000120cd2b3800 JavaThread "Daemon worker" [_thread_blocked, id=7476, stack(0x000000015d800000,0x000000015d900000)]
  0x00000120cd2b3000 JavaThread "Asynchronous log dispatcher for DefaultDaemonConnection: socket connection from /127.0.0.1:54833 to /127.0.0.1:54834" [_thread_blocked, id=11508, stack(0x000000015d900000,0x000000015da00000)]
  0x00000120cd2b5000 JavaThread "Daemon client event forwarder" [_thread_blocked, id=3192, stack(0x000000015dd00000,0x000000015de00000)]
  0x00000120cd2b0800 JavaThread "Cache worker for journal cache (C:\Users\pedro ou renata\.gradle\caches\journal-1)" [_thread_blocked, id=14352, stack(0x000000015de00000,0x000000015df00000)]
  0x00000120cd2af800 JavaThread "File lock request listener" [_thread_in_native, id=13336, stack(0x000000015df00000,0x000000015e000000)]
  0x00000120cd2b7000 JavaThread "Cache worker for file hash cache (C:\Users\pedro ou renata\.gradle\caches\7.5\fileHashes)" [_thread_blocked, id=13176, stack(0x000000015e000000,0x000000015e100000)]
  0x00000120cd2b6000 JavaThread "File watcher server" daemon [_thread_in_native, id=9040, stack(0x000000015e100000,0x000000015e200000)]
  0x00000120cd2b7800 JavaThread "File watcher consumer" daemon [_thread_blocked, id=248, stack(0x000000015e200000,0x000000015e300000)]
  0x00000120cd2b2000 JavaThread "Cache worker for checksums cache (C:\Users\pedro ou renata\AndroidStudioProjects\AppMultiplasTelas\.gradle\7.5\checksums)" [_thread_blocked, id=4300, stack(0x000000015e300000,0x000000015e400000)]
  0x00000120cd2be000 JavaThread "Cache worker for cache directory md-rule (C:\Users\pedro ou renata\.gradle\caches\7.5\md-rule)" [_thread_blocked, id=3128, stack(0x000000015e400000,0x000000015e500000)]
  0x00000120cd2b8800 JavaThread "Cache worker for file content cache (C:\Users\pedro ou renata\.gradle\caches\7.5\fileContent)" [_thread_blocked, id=5588, stack(0x000000015e500000,0x000000015e600000)]
  0x00000120cd2bb000 JavaThread "Cache worker for file hash cache (C:\Users\pedro ou renata\AndroidStudioProjects\AppMultiplasTelas\.gradle\7.5\fileHashes)" [_thread_blocked, id=9712, stack(0x000000015e600000,0x000000015e700000)]
  0x00000120cd2bc000 JavaThread "Cache worker for cache directory md-supplier (C:\Users\pedro ou renata\.gradle\caches\7.5\md-supplier)" [_thread_blocked, id=13844, stack(0x000000015e700000,0x000000015e800000)]
  0x00000120cd2b9800 JavaThread "Cache worker for execution history cache (C:\Users\pedro ou renata\.gradle\caches\7.5\executionHistory)" [_thread_blocked, id=4360, stack(0x000000015ea00000,0x000000015eb00000)]
  0x00000120cd2ba000 JavaThread "jar transforms" [_thread_blocked, id=7020, stack(0x000000015eb00000,0x000000015ec00000)]
  0x00000120cd2bc800 JavaThread "jar transforms Thread 2" [_thread_blocked, id=12440, stack(0x000000015ec00000,0x000000015ed00000)]
  0x00000120cce25800 JavaThread "jar transforms Thread 3" [_thread_blocked, id=14100, stack(0x000000015ed00000,0x000000015ee00000)]
  0x00000120cce21800 JavaThread "jar transforms Thread 4" [_thread_blocked, id=11188, stack(0x000000015ee00000,0x000000015ef00000)]
  0x00000120cce20000 JavaThread "Cache worker for dependencies-accessors (C:\Users\pedro ou renata\AndroidStudioProjects\AppMultiplasTelas\.gradle\7.5\dependencies-accessors)" [_thread_blocked, id=10168, stack(0x000000015ef00000,0x000000015f000000)]
  0x00000120cce26800 JavaThread "Cache worker for Build Output Cleanup Cache (C:\Users\pedro ou renata\AndroidStudioProjects\AppMultiplasTelas\.gradle\buildOutputCleanup)" [_thread_blocked, id=10896, stack(0x000000015bc00000,0x000000015bd00000)]
  0x00000120cce28000 JavaThread "Unconstrained build operations" [_thread_blocked, id=1532, stack(0x000000015be00000,0x000000015bf00000)]
  0x00000120cce27000 JavaThread "Unconstrained build operations Thread 2" [_thread_blocked, id=2508, stack(0x000000015da00000,0x000000015db00000)]
  0x00000120cce24000 JavaThread "Unconstrained build operations Thread 3" [_thread_blocked, id=6220, stack(0x000000015f000000,0x000000015f100000)]
  0x00000120cce22000 JavaThread "Unconstrained build operations Thread 4" [_thread_blocked, id=10188, stack(0x000000015f100000,0x000000015f200000)]
  0x00000120cce29000 JavaThread "Unconstrained build operations Thread 5" [_thread_blocked, id=7368, stack(0x000000015f200000,0x000000015f300000)]
  0x00000120cce24800 JavaThread "Unconstrained build operations Thread 6" [_thread_blocked, id=8256, stack(0x000000015f300000,0x000000015f400000)]
  0x00000120cce23000 JavaThread "Unconstrained build operations Thread 7" [_thread_blocked, id=3756, stack(0x000000015f400000,0x000000015f500000)]
  0x00000120cce29800 JavaThread "Unconstrained build operations Thread 8" [_thread_blocked, id=32, stack(0x000000015f500000,0x000000015f600000)]
  0x00000120cce2c000 JavaThread "Unconstrained build operations Thread 9" [_thread_blocked, id=10760, stack(0x000000015f600000,0x000000015f700000)]
  0x00000120cce2a800 JavaThread "Unconstrained build operations Thread 10" [_thread_blocked, id=10932, stack(0x000000015f700000,0x000000015f800000)]
  0x00000120cce2b000 JavaThread "Unconstrained build operations Thread 11" [_thread_blocked, id=10448, stack(0x000000015f800000,0x000000015f900000)]
  0x00000120cce2d800 JavaThread "Unconstrained build operations Thread 12" [_thread_blocked, id=13600, stack(0x000000015f900000,0x000000015fa00000)]
  0x00000120cce2d000 JavaThread "Unconstrained build operations Thread 13" [_thread_blocked, id=6320, stack(0x000000015fa00000,0x000000015fb00000)]
  0x00000120cce2e800 JavaThread "Unconstrained build operations Thread 14" [_thread_blocked, id=528, stack(0x000000015fb00000,0x000000015fc00000)]
  0x00000120cd2b1000 JavaThread "Unconstrained build operations Thread 15" [_thread_blocked, id=8612, stack(0x000000015fc00000,0x000000015fd00000)]
  0x00000120cfe22800 JavaThread "Unconstrained build operations Thread 16" [_thread_blocked, id=11320, stack(0x000000015fd00000,0x000000015fe00000)]
  0x00000120cfe1f000 JavaThread "Unconstrained build operations Thread 17" [_thread_blocked, id=11516, stack(0x000000015fe00000,0x000000015ff00000)]
  0x00000120cfe20800 JavaThread "Unconstrained build operations Thread 18" [_thread_blocked, id=9324, stack(0x000000015ff00000,0x0000000160000000)]
  0x00000120cfe23000 JavaThread "Unconstrained build operations Thread 19" [_thread_blocked, id=5920, stack(0x0000000160000000,0x0000000160100000)]
  0x00000120cfe24000 JavaThread "Unconstrained build operations Thread 20" [_thread_blocked, id=15328, stack(0x0000000160100000,0x0000000160200000)]
  0x00000120cfe21800 JavaThread "Unconstrained build operations Thread 21" [_thread_blocked, id=8960, stack(0x0000000160200000,0x0000000160300000)]
  0x00000120cfe20000 JavaThread "Unconstrained build operations Thread 22" [_thread_blocked, id=11340, stack(0x0000000160300000,0x0000000160400000)]
  0x00000120cfe1e800 JavaThread "Unconstrained build operations Thread 23" [_thread_blocked, id=13984, stack(0x0000000160400000,0x0000000160500000)]
  0x00000120cfe26800 JavaThread "Unconstrained build operations Thread 24" [_thread_blocked, id=13888, stack(0x0000000160500000,0x0000000160600000)]
  0x00000120cfe25000 JavaThread "Unconstrained build operations Thread 25" [_thread_blocked, id=13532, stack(0x0000000160600000,0x0000000160700000)]
  0x00000120cfe27800 JavaThread "Unconstrained build operations Thread 26" [_thread_blocked, id=3416, stack(0x0000000160700000,0x0000000160800000)]
  0x00000120cfe2b800 JavaThread "Unconstrained build operations Thread 27" [_thread_blocked, id=9440, stack(0x0000000160800000,0x0000000160900000)]
  0x00000120cfe29800 JavaThread "Unconstrained build operations Thread 28" [_thread_blocked, id=9164, stack(0x0000000160900000,0x0000000160a00000)]
  0x00000120cfe28000 JavaThread "Unconstrained build operations Thread 29" [_thread_blocked, id=15336, stack(0x0000000160a00000,0x0000000160b00000)]
  0x00000120cfe29000 JavaThread "Unconstrained build operations Thread 30" [_thread_blocked, id=14136, stack(0x0000000160b00000,0x0000000160c00000)]
  0x00000120cfe25800 JavaThread "Unconstrained build operations Thread 31" [_thread_blocked, id=9568, stack(0x0000000160c00000,0x0000000160d00000)]
  0x00000120cfe2c000 JavaThread "Unconstrained build operations Thread 32" [_thread_blocked, id=10256, stack(0x0000000160d00000,0x0000000160e00000)]
  0x00000120cfe2a800 JavaThread "Unconstrained build operations Thread 33" [_thread_blocked, id=9564, stack(0x0000000160e00000,0x0000000160f00000)]
  0x00000120cfe2d000 JavaThread "Unconstrained build operations Thread 34" [_thread_blocked, id=5584, stack(0x0000000160f00000,0x0000000161000000)]
  0x00000120d2476000 JavaThread "Unconstrained build operations Thread 35" [_thread_blocked, id=3020, stack(0x0000000161000000,0x0000000161100000)]
  0x00000120d2472800 JavaThread "Unconstrained build operations Thread 36" [_thread_blocked, id=15020, stack(0x0000000161100000,0x0000000161200000)]
  0x00000120d2472000 JavaThread "Unconstrained build operations Thread 37" [_thread_blocked, id=13180, stack(0x0000000161200000,0x0000000161300000)]
  0x00000120d2473800 JavaThread "Unconstrained build operations Thread 38" [_thread_blocked, id=4664, stack(0x0000000161300000,0x0000000161400000)]
  0x00000120d2470800 JavaThread "Unconstrained build operations Thread 39" [_thread_blocked, id=11344, stack(0x0000000161400000,0x0000000161500000)]
  0x00000120d2474800 JavaThread "Unconstrained build operations Thread 40" [_thread_blocked, id=2924, stack(0x0000000161500000,0x0000000161600000)]
  0x00000120d2477000 JavaThread "build event listener" [_thread_blocked, id=7832, stack(0x0000000161600000,0x0000000161700000)]
  0x00000120d2475000 JavaThread "Memory manager" [_thread_blocked, id=11292, stack(0x0000000161700000,0x0000000161800000)]
  0x00000120d2471000 JavaThread "included builds" [_thread_blocked, id=8372, stack(0x0000000161800000,0x0000000161900000)]
  0x00000120d247c800 JavaThread "Execution worker" [_thread_blocked, id=3324, stack(0x0000000161900000,0x0000000161a00000)]
  0x00000120d2477800 JavaThread "Execution worker Thread 2" [_thread_in_vm, id=14648, stack(0x0000000161a00000,0x0000000161b00000)]
  0x00000120d2478800 JavaThread "Execution worker Thread 3" [_thread_blocked, id=920, stack(0x0000000161b00000,0x0000000161c00000)]
  0x00000120d247b800 JavaThread "Cache worker for execution history cache (C:\Users\pedro ou renata\AndroidStudioProjects\AppMultiplasTelas\.gradle\7.5\executionHistory)" [_thread_blocked, id=15236, stack(0x0000000161c00000,0x0000000161d00000)]
  0x00000120d247a000 JavaThread "WorkerExecutor Queue" [_thread_blocked, id=13368, stack(0x0000000161d00000,0x0000000161e00000)]
  0x00000120d247d800 JavaThread "WorkerExecutor Queue Thread 2" [_thread_blocked, id=3160, stack(0x0000000161e00000,0x0000000161f00000)]
  0x00000120d2479800 JavaThread "WorkerExecutor Queue Thread 3" [_thread_blocked, id=6188, stack(0x0000000161f00000,0x0000000162000000)]
  0x00000120d247e000 JavaThread "WorkerExecutor Queue Thread 4" [_thread_blocked, id=7460, stack(0x0000000162000000,0x0000000162100000)]

Other Threads:
  0x00000120cbe13000 VMThread "VM Thread" [stack: 0x000000015c500000,0x000000015c600000] [id=7228]
  0x00000120cc91e800 WatcherThread [stack: 0x000000015cf00000,0x000000015d000000] [id=9904]
  0x00000120b023a000 GCTaskThread "GC Thread#0" [stack: 0x000000015c000000,0x000000015c100000] [id=10436]
  0x00000120ccc10800 GCTaskThread "GC Thread#1" [stack: 0x000000015d100000,0x000000015d200000] [id=2860]
  0x00000120ccd0d800 GCTaskThread "GC Thread#2" [stack: 0x000000015d200000,0x000000015d300000] [id=10156]
  0x00000120cf052800 GCTaskThread "GC Thread#3" [stack: 0x000000015db00000,0x000000015dc00000] [id=1568]
  0x00000120b02ac000 ConcurrentGCThread "G1 Main Marker" [stack: 0x000000015c100000,0x000000015c200000] [id=8492]
  0x00000120b02af800 ConcurrentGCThread "G1 Conc#0" [stack: 0x000000015c200000,0x000000015c300000] [id=676]
  0x00000120b033d800 ConcurrentGCThread "G1 Refine#0" [stack: 0x000000015c300000,0x000000015c400000] [id=2996]
  0x00000120ccdad000 ConcurrentGCThread "G1 Refine#1" [stack: 0x000000015dc00000,0x000000015dd00000] [id=7156]
  0x00000120cbc60800 ConcurrentGCThread "G1 Young RemSet Sampling" [stack: 0x000000015c400000,0x000000015c500000] [id=6996]

Threads with active compile tasks:
C2 CompilerThread0   200397 11385       4       org.apache.xerces.parsers.AbstractDOMParser::startElement (883 bytes)

VM state:not at safepoint (normal execution)

VM Mutex/Monitor currently owned by a thread: None

Heap address: 0x0000000080000000, size: 2048 MB, Compressed Oops mode: 32-bit
Narrow klass base: 0x0000000000000000, Narrow klass shift: 3
Compressed class space size: 1073741824 Address: 0x0000000100000000

Heap:
 garbage-first heap   total 131072K, used 82966K [0x0000000080000000, 0x0000000100000000)
  region size 1024K, 3 young (3072K), 2 survivors (2048K)
 Metaspace       used 95267K, capacity 97912K, committed 98096K, reserved 1134592K
  class space    used 12336K, capacity 13338K, committed 13440K, reserved 1048576K
Heap Regions: E=young(eden), S=young(survivor), O=old, HS=humongous(starts), HC=humongous(continues), CS=collection set, F=free, A=archive, TAMS=top-at-mark-start (previous, next)
|   0|0x0000000080000000, 0x0000000080100000, 0x0000000080100000|100%|HS|  |TAMS 0x0000000080100000, 0x0000000080000000| Complete 
|   1|0x0000000080100000, 0x0000000080200000, 0x0000000080200000|100%|HC|  |TAMS 0x0000000080200000, 0x0000000080100000| Complete 
|   2|0x0000000080200000, 0x0000000080300000, 0x0000000080300000|100%|HC|  |TAMS 0x0000000080300000, 0x0000000080200000| Complete 
|   3|0x0000000080300000, 0x0000000080400000, 0x0000000080400000|100%| O|  |TAMS 0x0000000080400000, 0x0000000080300000| Untracked 
|   4|0x0000000080400000, 0x0000000080500000, 0x0000000080500000|100%| O|  |TAMS 0x0000000080500000, 0x0000000080400000| Untracked 
|   5|0x0000000080500000, 0x0000000080600000, 0x0000000080600000|100%| O|  |TAMS 0x0000000080600000, 0x0000000080500000| Untracked 
|   6|0x0000000080600000, 0x0000000080700000, 0x0000000080700000|100%| O|  |TAMS 0x0000000080700000, 0x0000000080600000| Untracked 
|   7|0x0000000080700000, 0x0000000080800000, 0x0000000080800000|100%| O|  |TAMS 0x0000000080800000, 0x0000000080700000| Untracked 
|   8|0x0000000080800000, 0x0000000080900000, 0x0000000080900000|100%| O|  |TAMS 0x0000000080900000, 0x0000000080800000| Untracked 
|   9|0x0000000080900000, 0x0000000080a00000, 0x0000000080a00000|100%| O|  |TAMS 0x0000000080a00000, 0x0000000080900000| Untracked 
|  10|0x0000000080a00000, 0x0000000080b00000, 0x0000000080b00000|100%| O|  |TAMS 0x0000000080b00000, 0x0000000080a00000| Untracked 
|  11|0x0000000080b00000, 0x0000000080c00000, 0x0000000080c00000|100%| O|  |TAMS 0x0000000080c00000, 0x0000000080b00000| Untracked 
|  12|0x0000000080c00000, 0x0000000080d00000, 0x0000000080d00000|100%| O|  |TAMS 0x0000000080d00000, 0x0000000080c00000| Untracked 
|  13|0x0000000080d00000, 0x0000000080e00000, 0x0000000080e00000|100%| O|  |TAMS 0x0000000080e00000, 0x0000000080d00000| Untracked 
|  14|0x0000000080e00000, 0x0000000080f00000, 0x0000000080f00000|100%| O|  |TAMS 0x0000000080f00000, 0x0000000080e00000| Untracked 
|  15|0x0000000080f00000, 0x0000000081000000, 0x0000000081000000|100%| O|  |TAMS 0x0000000081000000, 0x0000000080f00000| Untracked 
|  16|0x0000000081000000, 0x0000000081100000, 0x0000000081100000|100%| O|  |TAMS 0x0000000081100000, 0x0000000081000000| Untracked 
|  17|0x0000000081100000, 0x0000000081200000, 0x0000000081200000|100%| O|  |TAMS 0x0000000081200000, 0x0000000081100000| Untracked 
|  18|0x0000000081200000, 0x0000000081300000, 0x0000000081300000|100%| O|  |TAMS 0x0000000081300000, 0x0000000081200000| Untracked 
|  19|0x0000000081300000, 0x0000000081400000, 0x0000000081400000|100%| O|  |TAMS 0x0000000081400000, 0x0000000081300000| Untracked 
|  20|0x0000000081400000, 0x0000000081500000, 0x0000000081500000|100%| O|  |TAMS 0x0000000081500000, 0x0000000081400000| Untracked 
|  21|0x0000000081500000, 0x0000000081600000, 0x0000000081600000|100%| O|  |TAMS 0x0000000081600000, 0x0000000081500000| Untracked 
|  22|0x0000000081600000, 0x0000000081700000, 0x0000000081700000|100%| O|  |TAMS 0x0000000081700000, 0x0000000081600000| Untracked 
|  23|0x0000000081700000, 0x0000000081800000, 0x0000000081800000|100%| O|  |TAMS 0x0000000081800000, 0x0000000081700000| Untracked 
|  24|0x0000000081800000, 0x0000000081900000, 0x0000000081900000|100%| O|  |TAMS 0x0000000081900000, 0x0000000081800000| Untracked 
|  25|0x0000000081900000, 0x0000000081a00000, 0x0000000081a00000|100%| O|  |TAMS 0x0000000081a00000, 0x0000000081900000| Untracked 
|  26|0x0000000081a00000, 0x0000000081b00000, 0x0000000081b00000|100%| O|  |TAMS 0x0000000081b00000, 0x0000000081a00000| Untracked 
|  27|0x0000000081b00000, 0x0000000081c00000, 0x0000000081c00000|100%| O|  |TAMS 0x0000000081c00000, 0x0000000081b00000| Untracked 
|  28|0x0000000081c00000, 0x0000000081d00000, 0x0000000081d00000|100%| O|  |TAMS 0x0000000081d00000, 0x0000000081c00000| Untracked 
|  29|0x0000000081d00000, 0x0000000081e00000, 0x0000000081e00000|100%| O|  |TAMS 0x0000000081e00000, 0x0000000081d00000| Untracked 
|  30|0x0000000081e00000, 0x0000000081f00000, 0x0000000081f00000|100%|HS|  |TAMS 0x0000000081f00000, 0x0000000081e00000| Complete 
|  31|0x0000000081f00000, 0x0000000082000000, 0x0000000082000000|100%|HS|  |TAMS 0x0000000082000000, 0x0000000081f00000| Complete 
|  32|0x0000000082000000, 0x0000000082100000, 0x0000000082100000|100%| O|  |TAMS 0x0000000082100000, 0x0000000082000000| Untracked 
|  33|0x0000000082100000, 0x0000000082200000, 0x0000000082200000|100%| O|  |TAMS 0x0000000082200000, 0x0000000082100000| Untracked 
|  34|0x0000000082200000, 0x0000000082300000, 0x0000000082300000|100%| O|  |TAMS 0x0000000082300000, 0x0000000082200000| Untracked 
|  35|0x0000000082300000, 0x0000000082400000, 0x0000000082400000|100%| O|  |TAMS 0x0000000082400000, 0x0000000082300000| Untracked 
|  36|0x0000000082400000, 0x0000000082500000, 0x0000000082500000|100%| O|  |TAMS 0x0000000082500000, 0x0000000082400000| Untracked 
|  37|0x0000000082500000, 0x0000000082600000, 0x0000000082600000|100%| O|  |TAMS 0x0000000082600000, 0x0000000082500000| Untracked 
|  38|0x0000000082600000, 0x0000000082700000, 0x0000000082700000|100%| O|  |TAMS 0x0000000082700000, 0x0000000082600000| Untracked 
|  39|0x0000000082700000, 0x0000000082800000, 0x0000000082800000|100%| O|  |TAMS 0x0000000082800000, 0x0000000082700000| Untracked 
|  40|0x0000000082800000, 0x0000000082900000, 0x0000000082900000|100%| O|  |TAMS 0x0000000082900000, 0x0000000082800000| Untracked 
|  41|0x0000000082900000, 0x0000000082a00000, 0x0000000082a00000|100%| O|  |TAMS 0x0000000082a00000, 0x0000000082900000| Untracked 
|  42|0x0000000082a00000, 0x0000000082b00000, 0x0000000082b00000|100%| O|  |TAMS 0x0000000082b00000, 0x0000000082a00000| Untracked 
|  43|0x0000000082b00000, 0x0000000082c00000, 0x0000000082c00000|100%| O|  |TAMS 0x0000000082c00000, 0x0000000082b00000| Untracked 
|  44|0x0000000082c00000, 0x0000000082d00000, 0x0000000082d00000|100%| O|  |TAMS 0x0000000082d00000, 0x0000000082c00000| Untracked 
|  45|0x0000000082d00000, 0x0000000082e00000, 0x0000000082e00000|100%| O|  |TAMS 0x0000000082e00000, 0x0000000082d00000| Untracked 
|  46|0x0000000082e00000, 0x0000000082f00000, 0x0000000082f00000|100%| O|  |TAMS 0x0000000082f00000, 0x0000000082e00000| Untracked 
|  47|0x0000000082f00000, 0x0000000083000000, 0x0000000083000000|100%| O|  |TAMS 0x0000000083000000, 0x0000000082f00000| Untracked 
|  48|0x0000000083000000, 0x0000000083100000, 0x0000000083100000|100%| O|  |TAMS 0x0000000083100000, 0x0000000083000000| Untracked 
|  49|0x0000000083100000, 0x0000000083200000, 0x0000000083200000|100%| O|  |TAMS 0x0000000083200000, 0x0000000083100000| Untracked 
|  50|0x0000000083200000, 0x0000000083300000, 0x0000000083300000|100%| O|  |TAMS 0x0000000083300000, 0x0000000083200000| Untracked 
|  51|0x0000000083300000, 0x0000000083400000, 0x0000000083400000|100%| O|  |TAMS 0x0000000083400000, 0x0000000083300000| Untracked 
|  52|0x0000000083400000, 0x0000000083500000, 0x0000000083500000|100%| O|  |TAMS 0x0000000083500000, 0x0000000083400000| Untracked 
|  53|0x0000000083500000, 0x0000000083600000, 0x0000000083600000|100%| O|  |TAMS 0x0000000083600000, 0x0000000083500000| Untracked 
|  54|0x0000000083600000, 0x0000000083700000, 0x0000000083700000|100%| O|  |TAMS 0x0000000083700000, 0x0000000083600000| Untracked 
|  55|0x0000000083700000, 0x0000000083800000, 0x0000000083800000|100%| O|  |TAMS 0x0000000083800000, 0x0000000083700000| Untracked 
|  56|0x0000000083800000, 0x0000000083900000, 0x0000000083900000|100%| O|  |TAMS 0x0000000083900000, 0x0000000083800000| Untracked 
|  57|0x0000000083900000, 0x0000000083a00000, 0x0000000083a00000|100%| O|  |TAMS 0x0000000083a00000, 0x0000000083900000| Untracked 
|  58|0x0000000083a00000, 0x0000000083b00000, 0x0000000083b00000|100%| O|  |TAMS 0x0000000083b00000, 0x0000000083a00000| Untracked 
|  59|0x0000000083b00000, 0x0000000083c00000, 0x0000000083c00000|100%| O|  |TAMS 0x0000000083c00000, 0x0000000083b00000| Untracked 
|  60|0x0000000083c00000, 0x0000000083d00000, 0x0000000083d00000|100%| O|  |TAMS 0x0000000083d00000, 0x0000000083c00000| Untracked 
|  61|0x0000000083d00000, 0x0000000083e00000, 0x0000000083e00000|100%| O|  |TAMS 0x0000000083e00000, 0x0000000083d00000| Untracked 
|  62|0x0000000083e00000, 0x0000000083f00000, 0x0000000083f00000|100%| O|  |TAMS 0x0000000083f00000, 0x0000000083e00000| Untracked 
|  63|0x0000000083f00000, 0x0000000084000000, 0x0000000084000000|100%| O|  |TAMS 0x0000000084000000, 0x0000000083f00000| Untracked 
|  64|0x0000000084000000, 0x0000000084100000, 0x0000000084100000|100%| O|  |TAMS 0x0000000084100000, 0x0000000084000000| Untracked 
|  65|0x0000000084100000, 0x0000000084200000, 0x0000000084200000|100%| O|  |TAMS 0x0000000084200000, 0x0000000084100000| Untracked 
|  66|0x0000000084200000, 0x0000000084300000, 0x0000000084300000|100%| O|  |TAMS 0x0000000084300000, 0x0000000084200000| Untracked 
|  67|0x0000000084300000, 0x0000000084400000, 0x0000000084400000|100%| O|  |TAMS 0x0000000084400000, 0x0000000084300000| Untracked 
|  68|0x0000000084400000, 0x0000000084500000, 0x0000000084500000|100%| O|  |TAMS 0x0000000084500000, 0x0000000084400000| Untracked 
|  69|0x0000000084500000, 0x0000000084600000, 0x0000000084600000|100%| O|  |TAMS 0x0000000084600000, 0x0000000084500000| Untracked 
|  70|0x0000000084600000, 0x0000000084700000, 0x0000000084700000|100%| O|  |TAMS 0x0000000084700000, 0x0000000084600000| Untracked 
|  71|0x0000000084700000, 0x0000000084800000, 0x0000000084800000|100%| O|  |TAMS 0x0000000084800000, 0x0000000084700000| Untracked 
|  72|0x0000000084800000, 0x0000000084900000, 0x0000000084900000|100%| O|  |TAMS 0x0000000084900000, 0x0000000084800000| Untracked 
|  73|0x0000000084900000, 0x0000000084a00000, 0x0000000084a00000|100%| O|  |TAMS 0x0000000084a00000, 0x0000000084900000| Untracked 
|  74|0x0000000084a00000, 0x0000000084b00000, 0x0000000084b00000|100%| O|  |TAMS 0x0000000084b00000, 0x0000000084a00000| Untracked 
|  75|0x0000000084b00000, 0x0000000084c00000, 0x0000000084c00000|100%| O|  |TAMS 0x0000000084c00000, 0x0000000084b00000| Untracked 
|  76|0x0000000084c00000, 0x0000000084d00000, 0x0000000084d00000|100%| O|  |TAMS 0x0000000084d00000, 0x0000000084c00000| Untracked 
|  77|0x0000000084d00000, 0x0000000084d00000, 0x0000000084e00000|  0%| F|  |TAMS 0x0000000084d00000, 0x0000000084d00000| Untracked 
|  78|0x0000000084e00000, 0x0000000084ed6c00, 0x0000000084f00000| 83%| O|  |TAMS 0x0000000084ed6c00, 0x0000000084e00000| Untracked 
|  79|0x0000000084f00000, 0x0000000084f00000, 0x0000000085000000|  0%| F|  |TAMS 0x0000000084f00000, 0x0000000084f00000| Untracked 
|  80|0x0000000085000000, 0x0000000085000000, 0x0000000085100000|  0%| F|  |TAMS 0x0000000085000000, 0x0000000085000000| Untracked 
|  81|0x0000000085100000, 0x0000000085100000, 0x0000000085200000|  0%| F|  |TAMS 0x0000000085100000, 0x0000000085100000| Untracked 
|  82|0x0000000085200000, 0x0000000085200000, 0x0000000085300000|  0%| F|  |TAMS 0x0000000085200000, 0x0000000085200000| Untracked 
|  83|0x0000000085300000, 0x0000000085300000, 0x0000000085400000|  0%| F|  |TAMS 0x0000000085300000, 0x0000000085300000| Untracked 
|  84|0x0000000085400000, 0x0000000085400000, 0x0000000085500000|  0%| F|  |TAMS 0x0000000085400000, 0x0000000085400000| Untracked 
|  85|0x0000000085500000, 0x0000000085500000, 0x0000000085600000|  0%| F|  |TAMS 0x0000000085500000, 0x0000000085500000| Untracked 
|  86|0x0000000085600000, 0x0000000085600000, 0x0000000085700000|  0%| F|  |TAMS 0x0000000085600000, 0x0000000085600000| Untracked 
|  87|0x0000000085700000, 0x0000000085700000, 0x0000000085800000|  0%| F|  |TAMS 0x0000000085700000, 0x0000000085700000| Untracked 
|  88|0x0000000085800000, 0x0000000085800000, 0x0000000085900000|  0%| F|  |TAMS 0x0000000085800000, 0x0000000085800000| Untracked 
|  89|0x0000000085900000, 0x0000000085a00000, 0x0000000085a00000|100%| O|  |TAMS 0x0000000085a00000, 0x0000000085900000| Untracked 
|  90|0x0000000085a00000, 0x0000000085b00000, 0x0000000085b00000|100%| O|  |TAMS 0x0000000085b00000, 0x0000000085a00000| Untracked 
|  91|0x0000000085b00000, 0x0000000085b00000, 0x0000000085c00000|  0%| F|  |TAMS 0x0000000085b00000, 0x0000000085b00000| Untracked 
|  92|0x0000000085c00000, 0x0000000085c00000, 0x0000000085d00000|  0%| F|  |TAMS 0x0000000085c00000, 0x0000000085c00000| Untracked 
|  93|0x0000000085d00000, 0x0000000085d00000, 0x0000000085e00000|  0%| F|  |TAMS 0x0000000085d00000, 0x0000000085d00000| Untracked 
|  94|0x0000000085e00000, 0x0000000085e00000, 0x0000000085f00000|  0%| F|  |TAMS 0x0000000085e00000, 0x0000000085e00000| Untracked 
|  95|0x0000000085f00000, 0x0000000085f00000, 0x0000000086000000|  0%| F|  |TAMS 0x0000000085f00000, 0x0000000085f00000| Untracked 
|  96|0x0000000086000000, 0x0000000086000000, 0x0000000086100000|  0%| F|  |TAMS 0x0000000086000000, 0x0000000086000000| Untracked 
|  97|0x0000000086100000, 0x0000000086100000, 0x0000000086200000|  0%| F|  |TAMS 0x0000000086100000, 0x0000000086100000| Untracked 
|  98|0x0000000086200000, 0x0000000086200000, 0x0000000086300000|  0%| F|  |TAMS 0x0000000086200000, 0x0000000086200000| Untracked 
|  99|0x0000000086300000, 0x0000000086300000, 0x0000000086400000|  0%| F|  |TAMS 0x0000000086300000, 0x0000000086300000| Untracked 
| 100|0x0000000086400000, 0x0000000086400000, 0x0000000086500000|  0%| F|  |TAMS 0x0000000086400000, 0x0000000086400000| Untracked 
| 101|0x0000000086500000, 0x0000000086500000, 0x0000000086600000|  0%| F|  |TAMS 0x0000000086500000, 0x0000000086500000| Untracked 
| 102|0x0000000086600000, 0x0000000086600000, 0x0000000086700000|  0%| F|  |TAMS 0x0000000086600000, 0x0000000086600000| Untracked 
| 103|0x0000000086700000, 0x0000000086700000, 0x0000000086800000|  0%| F|  |TAMS 0x0000000086700000, 0x0000000086700000| Untracked 
| 104|0x0000000086800000, 0x0000000086800000, 0x0000000086900000|  0%| F|  |TAMS 0x0000000086800000, 0x0000000086800000| Untracked 
| 105|0x0000000086900000, 0x0000000086900000, 0x0000000086a00000|  0%| F|  |TAMS 0x0000000086900000, 0x0000000086900000| Untracked 
| 106|0x0000000086a00000, 0x0000000086a00000, 0x0000000086b00000|  0%| F|  |TAMS 0x0000000086a00000, 0x0000000086a00000| Untracked 
| 107|0x0000000086b00000, 0x0000000086b00000, 0x0000000086c00000|  0%| F|  |TAMS 0x0000000086b00000, 0x0000000086b00000| Untracked 
| 108|0x0000000086c00000, 0x0000000086c00000, 0x0000000086d00000|  0%| F|  |TAMS 0x0000000086c00000, 0x0000000086c00000| Untracked 
| 109|0x0000000086d00000, 0x0000000086d2edf0, 0x0000000086e00000| 18%| S|CS|TAMS 0x0000000086d00000, 0x0000000086d00000| Complete 
| 110|0x0000000086e00000, 0x0000000086f00000, 0x0000000086f00000|100%| S|CS|TAMS 0x0000000086e00000, 0x0000000086e00000| Complete 
| 111|0x0000000086f00000, 0x0000000086f00000, 0x0000000087000000|  0%| F|  |TAMS 0x0000000086f00000, 0x0000000086f00000| Untracked 
| 112|0x0000000087000000, 0x0000000087000000, 0x0000000087100000|  0%| F|  |TAMS 0x0000000087000000, 0x0000000087000000| Untracked 
| 113|0x0000000087100000, 0x0000000087100000, 0x0000000087200000|  0%| F|  |TAMS 0x0000000087100000, 0x0000000087100000| Untracked 
| 114|0x0000000087200000, 0x0000000087200000, 0x0000000087300000|  0%| F|  |TAMS 0x0000000087200000, 0x0000000087200000| Untracked 
| 115|0x0000000087300000, 0x0000000087300000, 0x0000000087400000|  0%| F|  |TAMS 0x0000000087300000, 0x0000000087300000| Untracked 
| 116|0x0000000087400000, 0x0000000087400000, 0x0000000087500000|  0%| F|  |TAMS 0x0000000087400000, 0x0000000087400000| Untracked 
| 117|0x0000000087500000, 0x0000000087500000, 0x0000000087600000|  0%| F|  |TAMS 0x0000000087500000, 0x0000000087500000| Untracked 
| 118|0x0000000087600000, 0x0000000087600000, 0x0000000087700000|  0%| F|  |TAMS 0x0000000087600000, 0x0000000087600000| Untracked 
| 119|0x0000000087700000, 0x0000000087700000, 0x0000000087800000|  0%| F|  |TAMS 0x0000000087700000, 0x0000000087700000| Untracked 
| 120|0x0000000087800000, 0x0000000087800000, 0x0000000087900000|  0%| F|  |TAMS 0x0000000087800000, 0x0000000087800000| Untracked 
| 121|0x0000000087900000, 0x0000000087900000, 0x0000000087a00000|  0%| F|  |TAMS 0x0000000087900000, 0x0000000087900000| Untracked 
| 122|0x0000000087a00000, 0x0000000087a00000, 0x0000000087b00000|  0%| F|  |TAMS 0x0000000087a00000, 0x0000000087a00000| Untracked 
| 123|0x0000000087b00000, 0x0000000087b00000, 0x0000000087c00000|  0%| F|  |TAMS 0x0000000087b00000, 0x0000000087b00000| Untracked 
| 124|0x0000000087c00000, 0x0000000087c00000, 0x0000000087d00000|  0%| F|  |TAMS 0x0000000087c00000, 0x0000000087c00000| Untracked 
| 125|0x0000000087d00000, 0x0000000087d00000, 0x0000000087e00000|  0%| F|  |TAMS 0x0000000087d00000, 0x0000000087d00000| Untracked 
| 126|0x0000000087e00000, 0x0000000087e00000, 0x0000000087f00000|  0%| F|  |TAMS 0x0000000087e00000, 0x0000000087e00000| Untracked 
| 127|0x0000000087f00000, 0x0000000087ff67e8, 0x0000000088000000| 96%| E|  |TAMS 0x0000000087f00000, 0x0000000087f00000| Complete 

Card table byte_map: [0x00000120c4fc0000,0x00000120c53c0000] _byte_map_base: 0x00000120c4bc0000

Marking Bits (Prev, Next): (CMBitMap*) 0x00000120b02a2208, (CMBitMap*) 0x00000120b02a2240
 Prev Bits: [0x00000120c57c0000, 0x00000120c77c0000)
 Next Bits: [0x00000120c77c0000, 0x00000120c97c0000)

Polling page: 0x00000120b0130000

Metaspace:

Usage:
  Non-class:     82.59 MB capacity,    80.99 MB ( 98%) used,     1.31 MB (  2%) free+waste,   301.75 KB ( <1%) overhead. 
      Class:     13.03 MB capacity,    12.05 MB ( 92%) used,   863.62 KB (  6%) free+waste,   138.00 KB (  1%) overhead. 
       Both:     95.62 MB capacity,    93.03 MB ( 97%) used,     2.15 MB (  2%) free+waste,   439.75 KB ( <1%) overhead. 

Virtual space:
  Non-class space:       84.00 MB reserved,      82.67 MB ( 98%) committed 
      Class space:        1.00 GB reserved,      13.12 MB (  1%) committed 
             Both:        1.08 GB reserved,      95.80 MB (  9%) committed 

Chunk freelists:
   Non-Class:  18.00 KB
       Class:  38.00 KB
        Both:  56.00 KB

MaxMetaspaceSize: 17179869184.00 GB
CompressedClassSpaceSize: 1.00 GB
Initial GC threshold: 20.80 MB
Current GC threshold: 159.66 MB
CDS: off

CodeHeap 'non-profiled nmethods': size=120064Kb used=7400Kb max_used=7400Kb free=112663Kb
 bounds [0x00000120bd040000, 0x00000120bd780000, 0x00000120c4580000]
CodeHeap 'profiled nmethods': size=120000Kb used=24369Kb max_used=24369Kb free=95630Kb
 bounds [0x00000120b5b10000, 0x00000120b72e0000, 0x00000120bd040000]
CodeHeap 'non-nmethods': size=5696Kb used=2412Kb max_used=2447Kb free=3283Kb
 bounds [0x00000120b5580000, 0x00000120b5800000, 0x00000120b5b10000]
 total_blobs=12236 nmethods=11290 adapters=858
 compilation: enabled
              stopped_count=0, restarted_count=0
 full_count=0

Compilation events (20 events):
Event: 199.184 Thread 0x00000120cbe3c000 11376       3       org.gradle.internal.snapshot.impl.ImplementationSnapshotSerializer::read (6 bytes)
Event: 199.185 Thread 0x00000120cbe3c000 nmethod 11376 0x00000120b72be610 code [0x00000120b72be820, 0x00000120b72beed8]
Event: 199.185 Thread 0x00000120cbe3c000 11378       3       java.util.RegularEnumSet::iterator (9 bytes)
Event: 199.186 Thread 0x00000120cbe3c000 nmethod 11378 0x00000120b72bf110 code [0x00000120b72bf2e0, 0x00000120b72bf558]
Event: 199.186 Thread 0x00000120cbe3c000 11379       3       sun.nio.fs.WindowsFileAttributes::fromFileInformation (146 bytes)
Event: 199.187 Thread 0x00000120cbe3c000 nmethod 11379 0x00000120b72bf690 code [0x00000120b72bf8a0, 0x00000120b72bfee8]
Event: 199.190 Thread 0x00000120cbe3c000 11381       3       java.nio.file.FileTreeWalker::walk (45 bytes)
Event: 199.190 Thread 0x00000120cbe3c000 nmethod 11381 0x00000120b72c0290 code [0x00000120b72c0460, 0x00000120b72c06b8]
Event: 199.199 Thread 0x00000120cbe3c000 11382       3       org.apache.xerces.impl.io.UTF8Reader::read (1402 bytes)
Event: 199.204 Thread 0x00000120cbe3c000 nmethod 11382 0x00000120b72c0790 code [0x00000120b72c0c20, 0x00000120b72c38b8]
Event: 199.204 Thread 0x00000120cbe3c000 11391   !   3       com.google.common.collect.Maps::safeContainsKey (16 bytes)
Event: 199.204 Thread 0x00000120cbe3c000 nmethod 11391 0x00000120b72c4c10 code [0x00000120b72c4de0, 0x00000120b72c50f8]
Event: 199.204 Thread 0x00000120cbe3c000 11390       3       com.android.ide.common.symbols.Symbol$BasicNormalSymbol::getCanonicalName (5 bytes)
Event: 199.204 Thread 0x00000120cbe3c000 nmethod 11390 0x00000120b72c5290 code [0x00000120b72c5440, 0x00000120b72c5558]
Event: 199.208 Thread 0x00000120cbe38000 nmethod 11367 0x00000120bd777990 code [0x00000120bd777b60, 0x00000120bd7787d8]
Event: 199.208 Thread 0x00000120cbe38000 11385       4       org.apache.xerces.parsers.AbstractDOMParser::startElement (883 bytes)
Event: 199.209 Thread 0x00000120cbe3c000 11392       3       java.nio.file.FileTreeWalker::<init> (144 bytes)
Event: 199.210 Thread 0x00000120cbe3c000 nmethod 11392 0x00000120b72c5610 code [0x00000120b72c58a0, 0x00000120b72c6748]
Event: 199.317 Thread 0x00000120cbe3c000 11393   !   3       sun.nio.fs.WindowsFileAttributes::readAttributes (117 bytes)
Event: 199.318 Thread 0x00000120cbe3c000 nmethod 11393 0x00000120b72c6b90 code [0x00000120b72c6e80, 0x00000120b72c7a28]

GC Heap History (20 events):
Event: 164.525 GC heap before
{Heap before GC invocations=25 (full 0):
 garbage-first heap   total 131072K, used 106450K [0x0000000080000000, 0x0000000100000000)
  region size 1024K, 41 young (41984K), 6 survivors (6144K)
 Metaspace       used 87576K, capacity 89886K, committed 90160K, reserved 1126400K
  class space    used 11523K, capacity 12394K, committed 12416K, reserved 1048576K
}
Event: 164.551 GC heap after
{Heap after GC invocations=26 (full 0):
 garbage-first heap   total 131072K, used 75321K [0x0000000080000000, 0x0000000100000000)
  region size 1024K, 4 young (4096K), 4 survivors (4096K)
 Metaspace       used 87576K, capacity 89886K, committed 90160K, reserved 1126400K
  class space    used 11523K, capacity 12394K, committed 12416K, reserved 1048576K
}
Event: 174.578 GC heap before
{Heap before GC invocations=26 (full 0):
 garbage-first heap   total 131072K, used 107065K [0x0000000080000000, 0x0000000100000000)
  region size 1024K, 36 young (36864K), 4 survivors (4096K)
 Metaspace       used 87858K, capacity 90225K, committed 90544K, reserved 1128448K
  class space    used 11529K, capacity 12435K, committed 12544K, reserved 1048576K
}
Event: 174.588 GC heap after
{Heap after GC invocations=27 (full 0):
 garbage-first heap   total 131072K, used 77328K [0x0000000080000000, 0x0000000100000000)
  region size 1024K, 2 young (2048K), 2 survivors (2048K)
 Metaspace       used 87858K, capacity 90225K, committed 90544K, reserved 1128448K
  class space    used 11529K, capacity 12435K, committed 12544K, reserved 1048576K
}
Event: 179.435 GC heap before
{Heap before GC invocations=28 (full 0):
 garbage-first heap   total 131072K, used 97808K [0x0000000080000000, 0x0000000100000000)
  region size 1024K, 24 young (24576K), 2 survivors (2048K)
 Metaspace       used 89586K, capacity 92055K, committed 92208K, reserved 1128448K
  class space    used 11708K, capacity 12652K, committed 12672K, reserved 1048576K
}
Event: 179.445 GC heap after
{Heap after GC invocations=29 (full 0):
 garbage-first heap   total 131072K, used 78500K [0x0000000080000000, 0x0000000100000000)
  region size 1024K, 4 young (4096K), 4 survivors (4096K)
 Metaspace       used 89586K, capacity 92055K, committed 92208K, reserved 1128448K
  class space    used 11708K, capacity 12652K, committed 12672K, reserved 1048576K
}
Event: 181.604 GC heap before
{Heap before GC invocations=30 (full 0):
 garbage-first heap   total 131072K, used 107172K [0x0000000080000000, 0x0000000100000000)
  region size 1024K, 31 young (31744K), 4 survivors (4096K)
 Metaspace       used 91774K, capacity 94251K, committed 94512K, reserved 1130496K
  class space    used 11976K, capacity 12894K, committed 12928K, reserved 1048576K
}
Event: 181.634 GC heap after
{Heap after GC invocations=31 (full 0):
 garbage-first heap   total 131072K, used 92591K [0x0000000080000000, 0x0000000100000000)
  region size 1024K, 4 young (4096K), 4 survivors (4096K)
 Metaspace       used 91774K, capacity 94251K, committed 94512K, reserved 1130496K
  class space    used 11976K, capacity 12894K, committed 12928K, reserved 1048576K
}
Event: 182.519 GC heap before
{Heap before GC invocations=31 (full 0):
 garbage-first heap   total 131072K, used 105903K [0x0000000080000000, 0x0000000100000000)
  region size 1024K, 17 young (17408K), 4 survivors (4096K)
 Metaspace       used 92179K, capacity 94683K, committed 94896K, reserved 1130496K
  class space    used 12020K, capacity 12972K, committed 13056K, reserved 1048576K
}
Event: 182.534 GC heap after
{Heap after GC invocations=32 (full 0):
 garbage-first heap   total 131072K, used 94958K [0x0000000080000000, 0x0000000100000000)
  region size 1024K, 2 young (2048K), 2 survivors (2048K)
 Metaspace       used 92179K, capacity 94683K, committed 94896K, reserved 1130496K
  class space    used 12020K, capacity 12972K, committed 13056K, reserved 1048576K
}
Event: 183.095 GC heap before
{Heap before GC invocations=33 (full 0):
 garbage-first heap   total 131072K, used 111342K [0x0000000080000000, 0x0000000100000000)
  region size 1024K, 13 young (13312K), 2 survivors (2048K)
 Metaspace       used 92248K, capacity 94747K, committed 94896K, reserved 1130496K
  class space    used 12020K, capacity 12972K, committed 13056K, reserved 1048576K
}
Event: 183.116 GC heap after
{Heap after GC invocations=34 (full 0):
 garbage-first heap   total 131072K, used 106496K [0x0000000080000000, 0x0000000100000000)
  region size 1024K, 2 young (2048K), 2 survivors (2048K)
 Metaspace       used 92248K, capacity 94747K, committed 94896K, reserved 1130496K
  class space    used 12020K, capacity 12972K, committed 13056K, reserved 1048576K
}
Event: 183.597 GC heap before
{Heap before GC invocations=35 (full 0):
 garbage-first heap   total 131072K, used 121856K [0x0000000080000000, 0x0000000100000000)
  region size 1024K, 7 young (7168K), 2 survivors (2048K)
 Metaspace       used 92799K, capacity 95339K, committed 95408K, reserved 1132544K
  class space    used 12090K, capacity 13054K, committed 13056K, reserved 1048576K
}
Event: 183.611 GC heap after
{Heap after GC invocations=36 (full 0):
 garbage-first heap   total 131072K, used 107730K [0x0000000080000000, 0x0000000100000000)
  region size 1024K, 1 young (1024K), 1 survivors (1024K)
 Metaspace       used 92799K, capacity 95339K, committed 95408K, reserved 1132544K
  class space    used 12090K, capacity 13054K, committed 13056K, reserved 1048576K
}
Event: 188.309 GC heap before
{Heap before GC invocations=36 (full 0):
 garbage-first heap   total 131072K, used 111826K [0x0000000080000000, 0x0000000100000000)
  region size 1024K, 6 young (6144K), 1 survivors (1024K)
 Metaspace       used 93579K, capacity 96192K, committed 96304K, reserved 1132544K
  class space    used 12164K, capacity 13102K, committed 13184K, reserved 1048576K
}
Event: 188.312 GC heap after
{Heap after GC invocations=37 (full 0):
 garbage-first heap   total 131072K, used 107709K [0x0000000080000000, 0x0000000100000000)
  region size 1024K, 1 young (1024K), 1 survivors (1024K)
 Metaspace       used 93579K, capacity 96192K, committed 96304K, reserved 1132544K
  class space    used 12164K, capacity 13102K, committed 13184K, reserved 1048576K
}
Event: 192.680 GC heap before
{Heap before GC invocations=38 (full 0):
 garbage-first heap   total 131072K, used 93773K [0x0000000080000000, 0x0000000100000000)
  region size 1024K, 6 young (6144K), 1 survivors (1024K)
 Metaspace       used 94124K, capacity 96715K, committed 96944K, reserved 1132544K
  class space    used 12210K, capacity 13185K, committed 13312K, reserved 1048576K
}
Event: 192.685 GC heap after
{Heap after GC invocations=39 (full 0):
 garbage-first heap   total 131072K, used 88892K [0x0000000080000000, 0x0000000100000000)
  region size 1024K, 1 young (1024K), 1 survivors (1024K)
 Metaspace       used 94124K, capacity 96715K, committed 96944K, reserved 1132544K
  class space    used 12210K, capacity 13185K, committed 13312K, reserved 1048576K
}
Event: 195.857 GC heap before
{Heap before GC invocations=39 (full 0):
 garbage-first heap   total 131072K, used 94012K [0x0000000080000000, 0x0000000100000000)
  region size 1024K, 6 young (6144K), 1 survivors (1024K)
 Metaspace       used 94714K, capacity 97338K, committed 97456K, reserved 1134592K
  class space    used 12292K, capacity 13282K, committed 13312K, reserved 1048576K
}
Event: 195.862 GC heap after
{Heap after GC invocations=40 (full 0):
 garbage-first heap   total 131072K, used 82259K [0x0000000080000000, 0x0000000100000000)
  region size 1024K, 1 young (1024K), 1 survivors (1024K)
 Metaspace       used 94714K, capacity 97338K, committed 97456K, reserved 1134592K
  class space    used 12292K, capacity 13282K, committed 13312K, reserved 1048576K
}

Deoptimization events (20 events):
Event: 197.184 Thread 0x00000120d2479800 Uncommon trap: trap_request=0xffffffc6 fr.pc=0x00000120bd712e70 relative=0x0000000000000390
Event: 197.184 Thread 0x00000120d2479800 Uncommon trap: reason=bimorphic_or_optimized_type_check action=maybe_recompile pc=0x00000120bd712e70 method=org.apache.xerces.dom.ElementImpl.getAttributes()Lorg/w3c/dom/NamedNodeMap; @ 8 c2
Event: 197.184 Thread 0x00000120d2479800 DEOPT PACKING pc=0x00000120bd712e70 sp=0x0000000161ffd800
Event: 197.184 Thread 0x00000120d2479800 DEOPT UNPACKING pc=0x00000120b55ca1af sp=0x0000000161ffd7e0 mode 2
Event: 197.184 Thread 0x00000120d2479800 Uncommon trap: trap_request=0xffffffc6 fr.pc=0x00000120bd712e70 relative=0x0000000000000390
Event: 197.184 Thread 0x00000120d2479800 Uncommon trap: reason=bimorphic_or_optimized_type_check action=maybe_recompile pc=0x00000120bd712e70 method=org.apache.xerces.dom.ElementImpl.getAttributes()Lorg/w3c/dom/NamedNodeMap; @ 8 c2
Event: 197.184 Thread 0x00000120d2479800 DEOPT PACKING pc=0x00000120bd712e70 sp=0x0000000161ffd800
Event: 197.184 Thread 0x00000120d2479800 DEOPT UNPACKING pc=0x00000120b55ca1af sp=0x0000000161ffd7e0 mode 2
Event: 197.261 Thread 0x00000120d2479800 Uncommon trap: trap_request=0xffffff4d fr.pc=0x00000120bd6d5100 relative=0x00000000000002a0
Event: 197.261 Thread 0x00000120d2479800 Uncommon trap: reason=unstable_if action=reinterpret pc=0x00000120bd6d5100 method=org.apache.xerces.impl.XMLEntityScanner.skipString(Ljava/lang/String;)Z @ 65 c2
Event: 197.261 Thread 0x00000120d2479800 DEOPT PACKING pc=0x00000120bd6d5100 sp=0x0000000161ffd640
Event: 197.261 Thread 0x00000120d2479800 DEOPT UNPACKING pc=0x00000120b55ca1af sp=0x0000000161ffd600 mode 2
Event: 197.263 Thread 0x00000120d2479800 Uncommon trap: trap_request=0xffffff4d fr.pc=0x00000120bd6d1d10 relative=0x0000000000000830
Event: 197.263 Thread 0x00000120d2479800 Uncommon trap: reason=unstable_if action=reinterpret pc=0x00000120bd6d1d10 method=org.apache.xerces.impl.XMLEntityScanner.scanContent(Lorg/apache/xerces/xni/XMLString;)I @ 134 c2
Event: 197.263 Thread 0x00000120d2479800 DEOPT PACKING pc=0x00000120bd6d1d10 sp=0x0000000161ffd3e0
Event: 197.263 Thread 0x00000120d2479800 DEOPT UNPACKING pc=0x00000120b55ca1af sp=0x0000000161ffd378 mode 2
Event: 197.387 Thread 0x00000120d2470800 Uncommon trap: trap_request=0xffffff4d fr.pc=0x00000120bd6a45dc relative=0x00000000000038bc
Event: 197.387 Thread 0x00000120d2470800 Uncommon trap: reason=unstable_if action=reinterpret pc=0x00000120bd6a45dc method=java.util.concurrent.locks.LockSupport.unpark(Ljava/lang/Thread;)V @ 1 c2
Event: 197.387 Thread 0x00000120d2470800 DEOPT PACKING pc=0x00000120bd6a45dc sp=0x00000001614fe100
Event: 197.387 Thread 0x00000120d2470800 DEOPT UNPACKING pc=0x00000120b55ca1af sp=0x00000001614fdea8 mode 2

Classes redefined (0 events):
No events

Internal exceptions (20 events):
Event: 159.439 Thread 0x00000120d2477000 Exception <a 'java/lang/NoSuchMethodError'{0x0000000086c10388}: <clinit>> (0x0000000086c10388) thrown at [src/hotspot/share/prims/jni.cpp, line 1367]
Event: 159.453 Thread 0x00000120d2477000 Exception <a 'java/lang/NoSuchMethodError'{0x0000000086c25828}: <clinit>> (0x0000000086c25828) thrown at [src/hotspot/share/prims/jni.cpp, line 1367]
Event: 159.491 Thread 0x00000120d2477000 Exception <a 'java/lang/NoSuchMethodError'{0x0000000086c66bb8}: <clinit>> (0x0000000086c66bb8) thrown at [src/hotspot/share/prims/jni.cpp, line 1367]
Event: 159.493 Thread 0x00000120d2477000 Exception <a 'java/lang/NoSuchMethodError'{0x0000000086c6f1d8}: 'void java.lang.invoke.DirectMethodHandle$Holder.invokeSpecial(java.lang.Object, java.lang.Object, java.lang.Object, int)'> (0x0000000086c6f1d8) thrown at [src/hotspot/share/interpreter/linkResolver.cpp, line 773]
Event: 159.540 Thread 0x00000120cd2b5000 Exception <a 'java/lang/NoSuchMethodError'{0x0000000086b7b108}: <clinit>> (0x0000000086b7b108) thrown at [src/hotspot/share/prims/jni.cpp, line 1367]
Event: 159.574 Thread 0x00000120d247c800 Exception <a 'java/lang/NoSuchMethodError'{0x0000000086bcc610}: 'int java.lang.invoke.DirectMethodHandle$Holder.invokeSpecial(java.lang.Object, java.lang.Object, java.lang.Object, java.lang.Object, java.lang.Object)'> (0x0000000086bcc610) thrown at [src/hotspot/share/interpreter/linkResolver.cpp, line 773]
Event: 162.750 Thread 0x00000120d247c800 Exception <a 'java/lang/NoSuchMethodError'{0x000000008648a188}: 'void java.lang.invoke.DirectMethodHandle$Holder.invokeStatic(java.lang.Object, java.lang.Object, java.lang.Object, java.lang.Object, int, java.lang.Object, java.lang.Object)'> (0x000000008648a188) thrown at [src/hotspot/share/interpreter/linkResolver.cpp, line 773]
Event: 163.036 Thread 0x00000120cce28000 Exception <a 'java/lang/NoSuchMethodError'{0x000000008602c078}: 'java.lang.Object java.lang.invoke.DirectMethodHandle$Holder.invokeSpecialIFC(java.lang.Object, java.lang.Object, java.lang.Object)'> (0x000000008602c078) thrown at [src/hotspot/share/interpreter/linkResolver.cpp, line 773]
Event: 164.508 Thread 0x00000120cce24000 Exception <a 'java/lang/NoSuchMethodError'{0x0000000085de61c0}: 'void java.lang.invoke.DirectMethodHandle$Holder.invokeVirtual(java.lang.Object, java.lang.Object)'> (0x0000000085de61c0) thrown at [src/hotspot/share/interpreter/linkResolver.cpp, line 773]
Event: 177.221 Thread 0x00000120d247c800 Exception <a 'java/lang/NoSuchMethodError'{0x00000000873618f0}: 'java.lang.Object java.lang.invoke.DirectMethodHandle$Holder.invokeSpecial(java.lang.Object, java.lang.Object, int, int, int, java.lang.Object, java.lang.Object, java.lang.Object, int)'> (0x00000000873618f0) thrown at [src/hotspot/share/interpreter/linkResolver.cpp, line 773]
Event: 177.221 Thread 0x00000120d247c800 Exception <a 'java/lang/NoSuchMethodError'{0x0000000087365d78}: 'java.lang.Object java.lang.invoke.DelegatingMethodHandle$Holder.reinvoke_L(java.lang.Object, int, int, int, java.lang.Object, java.lang.Object, java.lang.Object, int)'> (0x0000000087365d78) thrown at [src/hotspot/share/interpreter/linkResolver.cpp, line 773]
Event: 177.225 Thread 0x00000120d247c800 Exception <a 'java/lang/NoSuchMethodError'{0x0000000087387ed8}: 'java.lang.Object java.lang.invoke.DirectMethodHandle$Holder.invokeStatic(java.lang.Object, java.lang.Object, java.lang.Object, java.lang.Object, java.lang.Object, java.lang.Object, java.lang.Object, int)'> (0x0000000087387ed8) thrown at [src/hotspot/share/interpreter/linkResolver.cpp, line 773]
Event: 177.570 Thread 0x00000120d247c800 Exception <a 'java/lang/NoSuchMethodError'{0x00000000872d7f28}: 'java.lang.Object java.lang.invoke.DirectMethodHandle$Holder.newInvokeSpecial(java.lang.Object, java.lang.Object, java.lang.Object, java.lang.Object)'> (0x00000000872d7f28) thrown at [src/hotspot/share/interpreter/linkResolver.cpp, line 773]
Event: 177.691 Thread 0x00000120cd2b5000 Exception <a 'java/lang/NoSuchMethodError'{0x000000008704d088}: <clinit>> (0x000000008704d088) thrown at [src/hotspot/share/prims/jni.cpp, line 1367]
Event: 178.847 Thread 0x00000120d247c800 Exception <a 'java/lang/NoSuchMethodError'{0x0000000086c6acf0}: 'void java.lang.invoke.DirectMethodHandle$Holder.invokeInterface(java.lang.Object, java.lang.Object, java.lang.Object, java.lang.Object)'> (0x0000000086c6acf0) thrown at [src/hotspot/share/interpreter/linkResolver.cpp, line 773]
Event: 182.552 Thread 0x00000120d247c800 Implicit null exception at 0x00000120bd6f035a to 0x00000120bd6f0414
Event: 183.385 Thread 0x00000120d247c800 Exception <a 'java/lang/NoSuchMethodError'{0x0000000087eacc50}: 'java.lang.Object java.lang.invoke.DirectMethodHandle$Holder.invokeStatic(java.lang.Object, java.lang.Object, java.lang.Object, java.lang.Object, java.lang.Object, java.lang.Object, java.lang.Object, java.lang.Object, java.lang.Object, java.lang.Object, java.lang.Object, java.lang.Object, java.lang.Object, java.lang.Object, java.lang.Object, int)'> (0x0000000087eacc50) thrown at [src/hotspot/share/interpreter/linkResolver.cpp, line 773]
Event: 183.410 Thread 0x00000120d247c800 Exception <a 'java/lang/NoSuchMethodError'{0x0000000087d46930}: <clinit>> (0x0000000087d46930) thrown at [src/hotspot/share/prims/jni.cpp, line 1367]
Event: 183.448 Thread 0x00000120d247c800 Exception <a 'java/lang/NoSuchMethodError'{0x0000000087df5c68}: <clinit>> (0x0000000087df5c68) thrown at [src/hotspot/share/prims/jni.cpp, line 1367]
Event: 185.078 Thread 0x00000120d2478800 Implicit null exception at 0x00000120bd6dbe20 to 0x00000120bd6dd6aa

Events (20 events):
Event: 197.150 loading class org/apache/xerces/impl/XMLEntityManager$EncodingInfo
Event: 197.150 loading class org/apache/xerces/impl/XMLEntityManager$EncodingInfo done
Event: 197.182 loading class com/android/ide/common/symbols/ResourceExtraXmlParser
Event: 197.182 loading class com/android/ide/common/symbols/ResourceExtraXmlParser done
Event: 197.516 Executing VM operation: RevokeBias
Event: 197.516 Executing VM operation: RevokeBias done
Event: 198.538 Executing VM operation: RevokeBias
Event: 198.538 Executing VM operation: RevokeBias done
Event: 199.112 Executing VM operation: RevokeBias
Event: 199.112 Executing VM operation: RevokeBias done
Event: 199.131 Executing VM operation: RevokeBias
Event: 199.131 Executing VM operation: RevokeBias done
Event: 199.187 Executing VM operation: RevokeBias
Event: 199.188 Executing VM operation: RevokeBias done
Event: 199.199 loading class com/android/ide/common/symbols/ResourceValuesXmlParser
Event: 199.199 loading class com/android/ide/common/symbols/ResourceValuesXmlParser done
Event: 199.200 loading class com/android/ide/common/symbols/ResourceValuesXmlParser$WhenMappings
Event: 199.200 loading class com/android/ide/common/symbols/ResourceValuesXmlParser$WhenMappings done
Event: 199.202 loading class com/android/ide/common/symbols/Symbol$NormalSymbolImpl
Event: 199.202 loading class com/android/ide/common/symbols/Symbol$NormalSymbolImpl done


Dynamic libraries:
0x00007ff6cf1e0000 - 0x00007ff6cf1ea000 	C:\Program Files\Android\Android Studio\jbr\bin\java.exe
0x00007ffce0770000 - 0x00007ffce0968000 	C:\WINDOWS\SYSTEM32\ntdll.dll
0x00007ffce0220000 - 0x00007ffce02df000 	C:\WINDOWS\System32\KERNEL32.DLL
0x00007ffcde2e0000 - 0x00007ffcde5ba000 	C:\WINDOWS\System32\KERNELBASE.dll
0x00007ffcde140000 - 0x00007ffcde240000 	C:\WINDOWS\System32\ucrtbase.dll
0x00007ffcb8cb0000 - 0x00007ffcb8cc7000 	C:\Program Files\Android\Android Studio\jbr\bin\jli.dll
0x00007ffce0350000 - 0x00007ffce04ed000 	C:\WINDOWS\System32\USER32.dll
0x00007ffcde110000 - 0x00007ffcde132000 	C:\WINDOWS\System32\win32u.dll
0x00007ffcc9030000 - 0x00007ffcc92ca000 	C:\WINDOWS\WinSxS\amd64_microsoft.windows.common-controls_6595b64144ccf1df_6.0.19041.1110_none_60b5254171f9507e\COMCTL32.dll
0x00007ffcde980000 - 0x00007ffcde9ab000 	C:\WINDOWS\System32\GDI32.dll
0x00007ffcdfd40000 - 0x00007ffcdfdde000 	C:\WINDOWS\System32\msvcrt.dll
0x00007ffcddfb0000 - 0x00007ffcde0c0000 	C:\WINDOWS\System32\gdi32full.dll
0x00007ffcde240000 - 0x00007ffcde2dd000 	C:\WINDOWS\System32\msvcp_win.dll
0x00007ffcb6cf0000 - 0x00007ffcb6d0b000 	C:\Program Files\Android\Android Studio\jbr\bin\VCRUNTIME140.dll
0x00007ffcdf6f0000 - 0x00007ffcdf720000 	C:\WINDOWS\System32\IMM32.DLL
0x00007ffcd60f0000 - 0x00007ffcd60fc000 	C:\Program Files\Android\Android Studio\jbr\bin\vcruntime140_1.dll
0x00007ffcb2940000 - 0x00007ffcb29cd000 	C:\Program Files\Android\Android Studio\jbr\bin\msvcp140.dll
0x00007ffc973a0000 - 0x00007ffc97f5c000 	C:\Program Files\Android\Android Studio\jbr\bin\server\jvm.dll
0x00007ffce0680000 - 0x00007ffce072e000 	C:\WINDOWS\System32\ADVAPI32.dll
0x00007ffce0120000 - 0x00007ffce01bc000 	C:\WINDOWS\System32\sechost.dll
0x00007ffcdfbf0000 - 0x00007ffcdfd16000 	C:\WINDOWS\System32\RPCRT4.dll
0x00007ffcdfde0000 - 0x00007ffcdfde8000 	C:\WINDOWS\System32\PSAPI.DLL
0x00007ffcd38b0000 - 0x00007ffcd38d7000 	C:\WINDOWS\SYSTEM32\WINMM.dll
0x00007ffcd62c0000 - 0x00007ffcd62c9000 	C:\WINDOWS\SYSTEM32\WSOCK32.dll
0x00007ffcce320000 - 0x00007ffcce32a000 	C:\WINDOWS\SYSTEM32\VERSION.dll
0x00007ffcdfdf0000 - 0x00007ffcdfe5b000 	C:\WINDOWS\System32\WS2_32.dll
0x00007ffcdbd40000 - 0x00007ffcdbd52000 	C:\WINDOWS\SYSTEM32\kernel.appcore.dll
0x00007ffcd95d0000 - 0x00007ffcd95e0000 	C:\Program Files\Android\Android Studio\jbr\bin\verify.dll
0x00007ffcca3e0000 - 0x00007ffcca5c4000 	C:\WINDOWS\SYSTEM32\DBGHELP.DLL
0x00007ffcd58a0000 - 0x00007ffcd58d4000 	C:\WINDOWS\SYSTEM32\dbgcore.DLL
0x00007ffcddf20000 - 0x00007ffcddfa2000 	C:\WINDOWS\System32\bcryptPrimitives.dll
0x00007ffcd9550000 - 0x00007ffcd9578000 	C:\Program Files\Android\Android Studio\jbr\bin\java.dll
0x00007ffcd95c0000 - 0x00007ffcd95ca000 	C:\Program Files\Android\Android Studio\jbr\bin\jimage.dll
0x00007ffcd4de0000 - 0x00007ffcd4df8000 	C:\Program Files\Android\Android Studio\jbr\bin\zip.dll
0x00007ffcdeac0000 - 0x00007ffcdf204000 	C:\WINDOWS\System32\SHELL32.dll
0x00007ffcdbf40000 - 0x00007ffcdc6d3000 	C:\WINDOWS\SYSTEM32\windows.storage.dll
0x00007ffcdf2c0000 - 0x00007ffcdf614000 	C:\WINDOWS\System32\combase.dll
0x00007ffcdd800000 - 0x00007ffcdd82e000 	C:\WINDOWS\SYSTEM32\Wldp.dll
0x00007ffcdff40000 - 0x00007ffcdffed000 	C:\WINDOWS\System32\SHCORE.dll
0x00007ffce01c0000 - 0x00007ffce0215000 	C:\WINDOWS\System32\shlwapi.dll
0x00007ffcdddc0000 - 0x00007ffcddddf000 	C:\WINDOWS\SYSTEM32\profapi.dll
0x00007ffcd4c80000 - 0x00007ffcd4c99000 	C:\Program Files\Android\Android Studio\jbr\bin\net.dll
0x00007ffcd59e0000 - 0x00007ffcd5aea000 	C:\WINDOWS\SYSTEM32\WINHTTP.dll
0x00007ffcdd560000 - 0x00007ffcdd5ca000 	C:\WINDOWS\system32\mswsock.dll
0x00007ffcd4c60000 - 0x00007ffcd4c73000 	C:\Program Files\Android\Android Studio\jbr\bin\nio.dll
0x00007ffcc30c0000 - 0x00007ffcc30e7000 	C:\Users\pedro ou renata\.gradle\native\e1d6ef7f7dcc3fd88c89a11ec53ec762bb8ba0a96d01ffa2cd45eb1d1d8dd5c5\windows-amd64\native-platform.dll
0x00007ffca0980000 - 0x00007ffca0ac4000 	C:\Users\pedro ou renata\.gradle\native\0d407fdbe67a94daf76414ababcb853783967236a71b16ec16e742cd7a986fd3\windows-amd64\native-platform-file-events.dll
0x00007ffcd95a0000 - 0x00007ffcd95aa000 	C:\Program Files\Android\Android Studio\jbr\bin\management.dll
0x00007ffcd9180000 - 0x00007ffcd918b000 	C:\Program Files\Android\Android Studio\jbr\bin\management_ext.dll
0x00007ffcdd750000 - 0x00007ffcdd768000 	C:\WINDOWS\SYSTEM32\CRYPTSP.dll
0x00007ffcdce80000 - 0x00007ffcdceb4000 	C:\WINDOWS\system32\rsaenh.dll
0x00007ffcdde80000 - 0x00007ffcddea7000 	C:\WINDOWS\System32\bcrypt.dll
0x00007ffcddd80000 - 0x00007ffcdddae000 	C:\WINDOWS\SYSTEM32\USERENV.dll
0x00007ffcdd770000 - 0x00007ffcdd77c000 	C:\WINDOWS\SYSTEM32\CRYPTBASE.dll
0x00007ffcdd250000 - 0x00007ffcdd28c000 	C:\WINDOWS\SYSTEM32\IPHLPAPI.DLL
0x00007ffce0340000 - 0x00007ffce0348000 	C:\WINDOWS\System32\NSI.dll
0x00007ffcd5cb0000 - 0x00007ffcd5cc7000 	C:\WINDOWS\SYSTEM32\dhcpcsvc6.DLL
0x00007ffcd65a0000 - 0x00007ffcd65bd000 	C:\WINDOWS\SYSTEM32\dhcpcsvc.DLL
0x00007ffcdd290000 - 0x00007ffcdd35b000 	C:\WINDOWS\SYSTEM32\DNSAPI.dll
0x00007ffcc6aa0000 - 0x00007ffcc6ac7000 	C:\Program Files\Android\Android Studio\jbr\bin\sunec.dll
0x00007ffcd38e0000 - 0x00007ffcd38ea000 	C:\Windows\System32\rasadhlp.dll
0x00007ffcd1900000 - 0x00007ffcd1980000 	C:\WINDOWS\System32\fwpuclnt.dll
0x00007ffcdcfc0000 - 0x00007ffcdcff3000 	C:\WINDOWS\SYSTEM32\ntmarta.dll

dbghelp: loaded successfully - version: 4.0.5 - missing functions: none
symbol engine: initialized successfully - sym options: 0x614 - pdb path: .;C:\Program Files\Android\Android Studio\jbr\bin;C:\WINDOWS\SYSTEM32;C:\WINDOWS\WinSxS\amd64_microsoft.windows.common-controls_6595b64144ccf1df_6.0.19041.1110_none_60b5254171f9507e;C:\Program Files\Android\Android Studio\jbr\bin\server;C:\Users\pedro ou renata\.gradle\native\e1d6ef7f7dcc3fd88c89a11ec53ec762bb8ba0a96d01ffa2cd45eb1d1d8dd5c5\windows-amd64;C:\Users\pedro ou renata\.gradle\native\0d407fdbe67a94daf76414ababcb853783967236a71b16ec16e742cd7a986fd3\windows-amd64

VM Arguments:
jvm_args: --add-opens=java.base/java.util=ALL-UNNAMED --add-opens=java.base/java.lang=ALL-UNNAMED --add-opens=java.base/java.lang.invoke=ALL-UNNAMED --add-opens=java.base/java.util=ALL-UNNAMED --add-opens=java.prefs/java.util.prefs=ALL-UNNAMED --add-opens=java.prefs/java.util.prefs=ALL-UNNAMED --add-opens=java.base/java.nio.charset=ALL-UNNAMED --add-opens=java.base/java.net=ALL-UNNAMED --add-opens=java.base/java.util.concurrent.atomic=ALL-UNNAMED -Xmx2048m -Dfile.encoding=UTF-8 -Duser.country=BR -Duser.language=pt -Duser.variant 
java_command: org.gradle.launcher.daemon.bootstrap.GradleDaemon 7.5
java_class_path (initial): C:\Users\pedro ou renata\.gradle\wrapper\dists\gradle-7.5-bin\f1w0cc9nuo0eivz97x2xlu9sv\gradle-7.5\lib\gradle-launcher-7.5.jar
Launcher Type: SUN_STANDARD

[Global flags]
     intx CICompilerCount                          = 3                                         {product} {ergonomic}
     uint ConcGCThreads                            = 1                                         {product} {ergonomic}
     uint G1ConcRefinementThreads                  = 4                                         {product} {ergonomic}
   size_t G1HeapRegionSize                         = 1048576                                   {product} {ergonomic}
    uintx GCDrainStackTargetSize                   = 64                                        {product} {ergonomic}
   size_t InitialHeapSize                          = 134217728                                 {product} {ergonomic}
   size_t MarkStackSize                            = 4194304                                   {product} {ergonomic}
   size_t MaxHeapSize                              = 2147483648                                {product} {command line}
   size_t MaxNewSize                               = 1287651328                                {product} {ergonomic}
   size_t MinHeapDeltaBytes                        = 1048576                                   {product} {ergonomic}
    uintx NonNMethodCodeHeapSize                   = 5830732                                {pd product} {ergonomic}
    uintx NonProfiledCodeHeapSize                  = 122913754                              {pd product} {ergonomic}
    uintx ProfiledCodeHeapSize                     = 122913754                              {pd product} {ergonomic}
    uintx ReservedCodeCacheSize                    = 251658240                              {pd product} {ergonomic}
     bool SegmentedCodeCache                       = true                                      {product} {ergonomic}
     bool UseCompressedClassPointers               = true                                 {lp64_product} {ergonomic}
     bool UseCompressedOops                        = true                                 {lp64_product} {ergonomic}
     bool UseG1GC                                  = true                                      {product} {ergonomic}
     bool UseLargePagesIndividualAllocation        = false                                  {pd product} {ergonomic}

Logging:
Log output configuration:
 #0: stdout all=warning uptime,level,tags
 #1: stderr all=off uptime,level,tags

Environment Variables:
PATH=C:\ProgramData\Oracle\Java\javapath;C:\Program Files (x86)\Common Files\Oracle\Java\javapath;C:\Program Files\Java\jdk1.8.0_321\bin;C:\Program Files\nodejs\;C:\Program Files\Git\cmd;C:\Users\pedro ou renata\AppData\Local\Microsoft\WindowsApps;C:\Users\pedro ou renata\AppData\Local\Programs\Microsoft VS Code\bin, 14.16.1;C:\Users\pedro ou renata\AppData\Roaming\nvm;C:\Program Files\nodejs;C:\Users\pedro ou renata\AppData\Local\Programs\Microsoft VS Code\bin;C:\Users\pedro ou renata\AppData\Roaming\npm;C:\Users\pedro ou renata\AppData\Local\Android\Sdk\emulator;
USERNAME=pedro ou renata
OS=Windows_NT
PROCESSOR_IDENTIFIER=Intel64 Family 6 Model 61 Stepping 4, GenuineIntel



---------------  S Y S T E M  ---------------

OS: Windows 10 , 64 bit Build 19041 (10.0.19041.2788)
OS uptime: 0 days 23:03 hours

CPU:total 4 (initial active 4) (2 cores per cpu, 2 threads per core) family 6 model 61 stepping 4 microcode 0x2d, cmov, cx8, fxsr, mmx, sse, sse2, sse3, ssse3, sse4.1, sse4.2, popcnt, avx, avx2, aes, clmul, erms, 3dnowpref, lzcnt, ht, tsc, tscinvbit, bmi1, bmi2, adx, fma

Memory: 4k page, system-wide physical 8093M (49M free)
TotalPageFile size 8093M (AvailPageFile size 0M)
current process WorkingSet (physical memory assigned to process): 380M, peak: 385M
current process commit charge ("private bytes"): 405M, peak: 411M

vm_info: OpenJDK 64-Bit Server VM (11.0.15+0-b2043.56-9505619) for windows-amd64 JRE (11.0.15+0-b2043.56-9505619), built on Jan 19 2023 02:48:00 by "builduser" with unknown MS VC++:1929

END.
