#
# There is insufficient memory for the Java Runtime Environment to continue.
# Native memory allocation (malloc) failed to allocate 32816 bytes for Chunk::new
# Possible reasons:
#   The system is out of physical RAM or swap space
#   The process is running with CompressedOops enabled, and the Java Heap may be blocking the growth of the native heap
# Possible solutions:
#   Reduce memory load on the system
#   Increase physical memory or swap space
#   Check if swap backing store is full
#   Decrease Java heap size (-Xmx/-Xms)
#   Decrease number of Java threads
#   Decrease Java thread stack sizes (-Xss)
#   Set larger code cache with -XX:ReservedCodeCacheSize=
#   JVM is running with Unscaled Compressed Oops mode in which the Java heap is
#     placed in the first 4GB address space. The Java Heap base address is the
#     maximum limit for the native heap growth. Please use -XX:HeapBaseMinAddress
#     to set the Java Heap base and to place the Java Heap above 4GB virtual address.
# This output file may be truncated or incomplete.
#
#  Out of Memory Error (src/hotspot/share/memory/arena.cpp:197), pid=7952, tid=3224
#
# JRE version:  (11.0.15) (build )
# Java VM: OpenJDK 64-Bit Server VM (11.0.15+0-b2043.56-9505619, mixed mode, tiered, compressed oops, g1 gc, windows-amd64)
# No core dump will be written. Minidumps are not enabled by default on client versions of Windows
#

---------------  S U M M A R Y ------------

Command Line: git4idea.http.GitAskPassApp Username for 'https://github.com': 

Host: Intel(R) Core(TM) i5-5200U CPU @ 2.20GHz, 4 cores, 7G,  Windows 10 , 64 bit Build 19041 (10.0.19041.2788)
Time: Fri Apr 21 20:35:22 2023 Hora oficial do Brasil elapsed time: 0.718492 seconds (0d 0h 0m 0s)

---------------  T H R E A D  ---------------

Current thread (0x00000137b7ad0800):  JavaThread "Unknown thread" [_thread_in_vm, id=3224, stack(0x0000003665f00000,0x0000003666000000)]

Stack: [0x0000003665f00000,0x0000003666000000]
Native frames: (J=compiled Java code, j=interpreted, Vv=VM code, C=native code)
V  [jvm.dll+0x64135a]
V  [jvm.dll+0x7d39f9]
V  [jvm.dll+0x7d51b9]
V  [jvm.dll+0x7d58a3]
V  [jvm.dll+0x2691c5]
V  [jvm.dll+0xc1a5c]
V  [jvm.dll+0xc200c]
V  [jvm.dll+0x1ed1d5]
V  [jvm.dll+0x1ec170]
V  [jvm.dll+0x769e0f]
V  [jvm.dll+0x76b0a2]
V  [jvm.dll+0x76b92f]
V  [jvm.dll+0x768f5e]
V  [jvm.dll+0x7ac83a]
V  [jvm.dll+0x7ae418]
V  [jvm.dll+0x37d2d0]
V  [jvm.dll+0x78ef9f]
V  [jvm.dll+0x3ec847]
V  [jvm.dll+0x3eed31]
C  [jli.dll+0x52cb]
C  [ucrtbase.dll+0x21bb2]
C  [KERNEL32.DLL+0x17604]
C  [ntdll.dll+0x526a1]


---------------  P R O C E S S  ---------------

Threads class SMR info:
_java_thread_list=0x00000137b79d0ce0, length=0, elements={
}

Java Threads: ( => current thread )

Other Threads:
  0x00000137b7ae9800 GCTaskThread "GC Thread#0" [stack: 0x0000003666000000,0x0000003666100000] [id=1340]
  0x00000137b7b1a000 ConcurrentGCThread "G1 Main Marker" [stack: 0x0000003666100000,0x0000003666200000] [id=8556]
  0x00000137b7b1c800 ConcurrentGCThread "G1 Conc#0" [stack: 0x0000003666200000,0x0000003666300000] [id=9632]
  0x00000137d33b0800 ConcurrentGCThread "G1 Refine#0" [stack: 0x0000003666300000,0x0000003666400000] [id=8728]
  0x00000137d33b1800 ConcurrentGCThread "G1 Young RemSet Sampling" [stack: 0x0000003666400000,0x0000003666500000] [id=9552]

=>0x00000137b7ad0800 (exited) JavaThread "Unknown thread" [_thread_in_vm, id=3224, stack(0x0000003665f00000,0x0000003666000000)]

Threads with active compile tasks:

VM state:not at safepoint (not fully initialized)

VM Mutex/Monitor currently owned by a thread: None

Heap address: 0x0000000081800000, size: 2024 MB, Compressed Oops mode: 32-bit
Narrow klass base: 0x0000000000000000, Narrow klass shift: 3
Compressed class space size: 1073741824 Address: 0x0000000100000000

GC Heap History (0 events):
No events

Deoptimization events (0 events):
No events

Classes redefined (0 events):
No events

Internal exceptions (0 events):
No events

Events (20 events):
Event: 0.432 loading class jdk/internal/reflect/FieldAccessorImpl done
Event: 0.432 loading class jdk/internal/reflect/UnsafeFieldAccessorImpl done
Event: 0.432 loading class jdk/internal/reflect/UnsafeStaticFieldAccessorImpl done
Event: 0.432 loading class jdk/internal/reflect/CallerSensitive
Event: 0.432 loading class java/lang/annotation/Annotation
Event: 0.432 loading class java/lang/annotation/Annotation done
Event: 0.432 loading class jdk/internal/reflect/CallerSensitive done
Event: 0.432 loading class java/lang/invoke/DirectMethodHandle
Event: 0.434 loading class java/lang/invoke/MethodHandle
Event: 0.435 loading class java/lang/invoke/MethodHandle done
Event: 0.435 loading class java/lang/invoke/DirectMethodHandle done
Event: 0.435 loading class java/lang/invoke/VarHandle
Event: 0.435 loading class java/lang/invoke/VarHandle done
Event: 0.435 loading class java/lang/invoke/MemberName
Event: 0.436 loading class java/lang/invoke/MemberName done
Event: 0.436 loading class java/lang/invoke/ResolvedMethodName
Event: 0.436 loading class java/lang/invoke/ResolvedMethodName done
Event: 0.436 loading class java/lang/invoke/MethodHandleNatives
Event: 0.437 loading class java/lang/invoke/MethodHandleNatives done
Event: 0.437 loading class java/lang/invoke/LambdaForm


Dynamic libraries:
0x00007ff75eaf0000 - 0x00007ff75eafa000 	C:\Program Files\Android\Android Studio\jbr\bin\java.exe
0x00007ffd30c50000 - 0x00007ffd30e48000 	C:\WINDOWS\SYSTEM32\ntdll.dll
0x00007ffd2ed80000 - 0x00007ffd2ee3f000 	C:\WINDOWS\System32\KERNEL32.DLL
0x00007ffd2e9d0000 - 0x00007ffd2ecaa000 	C:\WINDOWS\System32\KERNELBASE.dll
0x00007ffd2e7a0000 - 0x00007ffd2e8a0000 	C:\WINDOWS\System32\ucrtbase.dll
0x00007ffd0e8e0000 - 0x00007ffd0e8f7000 	C:\Program Files\Android\Android Studio\jbr\bin\jli.dll
0x00007ffd0e900000 - 0x00007ffd0e91b000 	C:\Program Files\Android\Android Studio\jbr\bin\VCRUNTIME140.dll
0x00007ffd30210000 - 0x00007ffd303ad000 	C:\WINDOWS\System32\USER32.dll
0x00007ffd2e530000 - 0x00007ffd2e552000 	C:\WINDOWS\System32\win32u.dll
0x00007ffd2ef00000 - 0x00007ffd2ef2b000 	C:\WINDOWS\System32\GDI32.dll
0x00007ffd2e660000 - 0x00007ffd2e770000 	C:\WINDOWS\System32\gdi32full.dll
0x00007ffd189d0000 - 0x00007ffd18c6a000 	C:\WINDOWS\WinSxS\amd64_microsoft.windows.common-controls_6595b64144ccf1df_6.0.19041.1110_none_60b5254171f9507e\COMCTL32.dll
0x00007ffd2e8a0000 - 0x00007ffd2e93d000 	C:\WINDOWS\System32\msvcp_win.dll
0x00007ffd2ff80000 - 0x00007ffd3001e000 	C:\WINDOWS\System32\msvcrt.dll
0x00007ffd30510000 - 0x00007ffd30540000 	C:\WINDOWS\System32\IMM32.DLL
0x00007ffd1e370000 - 0x00007ffd1e37c000 	C:\Program Files\Android\Android Studio\jbr\bin\vcruntime140_1.dll
0x00007ffd0e850000 - 0x00007ffd0e8dd000 	C:\Program Files\Android\Android Studio\jbr\bin\msvcp140.dll
0x00007ffcf8c10000 - 0x00007ffcf97cc000 	C:\Program Files\Android\Android Studio\jbr\bin\server\jvm.dll
0x00007ffd30460000 - 0x00007ffd3050e000 	C:\WINDOWS\System32\ADVAPI32.dll
0x00007ffd2f450000 - 0x00007ffd2f4ec000 	C:\WINDOWS\System32\sechost.dll
0x00007ffd30020000 - 0x00007ffd30146000 	C:\WINDOWS\System32\RPCRT4.dll
0x00007ffd2eef0000 - 0x00007ffd2eef8000 	C:\WINDOWS\System32\PSAPI.DLL
0x00007ffd23d20000 - 0x00007ffd23d29000 	C:\WINDOWS\SYSTEM32\WSOCK32.dll
0x00007ffd293a0000 - 0x00007ffd293aa000 	C:\WINDOWS\SYSTEM32\VERSION.dll
0x00007ffd23ed0000 - 0x00007ffd23ef7000 	C:\WINDOWS\SYSTEM32\WINMM.dll
0x00007ffd2f610000 - 0x00007ffd2f67b000 	C:\WINDOWS\System32\WS2_32.dll
0x00007ffd2c110000 - 0x00007ffd2c122000 	C:\WINDOWS\SYSTEM32\kernel.appcore.dll
0x00007ffcf8900000 - 0x00007ffcf8910000 	C:\Program Files\Android\Android Studio\jbr\bin\verify.dll
0x00007ffd19480000 - 0x00007ffd19664000 	C:\WINDOWS\SYSTEM32\DBGHELP.DLL
0x00007ffd18d10000 - 0x00007ffd18d44000 	C:\WINDOWS\SYSTEM32\dbgcore.DLL
0x00007ffd2e940000 - 0x00007ffd2e9c2000 	C:\WINDOWS\System32\bcryptPrimitives.dll
0x00007ffcf88d0000 - 0x00007ffcf88f8000 	C:\Program Files\Android\Android Studio\jbr\bin\java.dll
0x00007ffcf88c0000 - 0x00007ffcf88ca000 	C:\Program Files\Android\Android Studio\jbr\bin\jimage.dll
0x00007ffcf8660000 - 0x00007ffcf8678000 	C:\Program Files\Android\Android Studio\jbr\bin\zip.dll

dbghelp: loaded successfully - version: 4.0.5 - missing functions: none
symbol engine: initialized successfully - sym options: 0x614 - pdb path: .;C:\Program Files\Android\Android Studio\jbr\bin;C:\WINDOWS\SYSTEM32;C:\WINDOWS\WinSxS\amd64_microsoft.windows.common-controls_6595b64144ccf1df_6.0.19041.1110_none_60b5254171f9507e;C:\Program Files\Android\Android Studio\jbr\bin\server

VM Arguments:
java_command: git4idea.http.GitAskPassApp Username for 'https://github.com': 
java_class_path (initial): C:/Program Files/Android/Android Studio/plugins/git4idea/lib/git4idea-rt.jar;C:/Program Files/Android/Android Studio/lib/externalProcess-rt.jar;C:/Program Files/Android/Android Studio/lib/app.jar;C:/Program Files/Android/Android Studio/lib/3rd-party-rt.jar
Launcher Type: SUN_STANDARD

[Global flags]
     intx CICompilerCount                          = 3                                         {product} {ergonomic}
     uint ConcGCThreads                            = 1                                         {product} {ergonomic}
     uint G1ConcRefinementThreads                  = 4                                         {product} {ergonomic}
   size_t G1HeapRegionSize                         = 1048576                                   {product} {ergonomic}
    uintx GCDrainStackTargetSize                   = 64                                        {product} {ergonomic}
   size_t InitialHeapSize                          = 134217728                                 {product} {ergonomic}
   size_t MarkStackSize                            = 4194304                                   {product} {ergonomic}
   size_t MaxHeapSize                              = 2122317824                                {product} {ergonomic}
   size_t MaxNewSize                               = 1272971264                                {product} {ergonomic}
   size_t MinHeapDeltaBytes                        = 1048576                                   {product} {ergonomic}
    uintx NonNMethodCodeHeapSize                   = 5830732                                {pd product} {ergonomic}
    uintx NonProfiledCodeHeapSize                  = 122913754                              {pd product} {ergonomic}
    uintx ProfiledCodeHeapSize                     = 122913754                              {pd product} {ergonomic}
    uintx ReservedCodeCacheSize                    = 251658240                              {pd product} {ergonomic}
     bool SegmentedCodeCache                       = true                                      {product} {ergonomic}
     bool UseCompressedClassPointers               = true                                 {lp64_product} {ergonomic}
     bool UseCompressedOops                        = true                                 {lp64_product} {ergonomic}
     bool UseG1GC                                  = true                                      {product} {ergonomic}
     bool UseLargePagesIndividualAllocation        = false                                  {pd product} {ergonomic}

Logging:
Log output configuration:
 #0: stdout all=warning uptime,level,tags
 #1: stderr all=off uptime,level,tags

Environment Variables:
PATH=C:\Program Files\Git\mingw64\libexec\git-core;C:\Program Files\Git\mingw64\libexec\git-core;C:\Program Files\Git\mingw64\bin;C:\Program Files\Git\usr\bin;C:\Users\pedro ou renata\bin;C:\ProgramData\Oracle\Java\javapath;C:\Program Files (x86)\Common Files\Oracle\Java\javapath;C:\Program Files\Java\jdk1.8.0_321\bin;C:\Program Files\nodejs;C:\Program Files\Git\cmd;C:\Users\pedro ou renata\AppData\Local\Microsoft\WindowsApps;C:\Users\pedro ou renata\AppData\Local\Programs\Microsoft VS Code\bin, 14.16.1;C:\Users\pedro ou renata\AppData\Roaming\nvm;C:\Program Files\nodejs;C:\Users\pedro ou renata\AppData\Local\Programs\Microsoft VS Code\bin;C:\Users\pedro ou renata\AppData\Roaming\npm;C:\Users\pedro ou renata\AppData\Local\Android\Sdk\emulator
USERNAME=pedro ou renata
DISPLAY=:0.0
LC_ALL=en_US.UTF-8
OS=Windows_NT
PROCESSOR_IDENTIFIER=Intel64 Family 6 Model 61 Stepping 4, GenuineIntel



---------------  S Y S T E M  ---------------

OS: Windows 10 , 64 bit Build 19041 (10.0.19041.2788)
OS uptime: 0 days 0:51 hours

CPU:total 4 (initial active 4) (2 cores per cpu, 2 threads per core) family 6 model 61 stepping 4 microcode 0x2d, cmov, cx8, fxsr, mmx, sse, sse2, sse3, ssse3, sse4.1, sse4.2, popcnt, avx, avx2, aes, clmul, erms, 3dnowpref, lzcnt, ht, tsc, tscinvbit, bmi1, bmi2, adx, fma

Memory: 4k page, system-wide physical 8093M (600M free)
TotalPageFile size 8093M (AvailPageFile size 2M)
current process WorkingSet (physical memory assigned to process): 19M, peak: 19M
current process commit charge ("private bytes"): 187M, peak: 190M

vm_info: OpenJDK 64-Bit Server VM (11.0.15+0-b2043.56-9505619) for windows-amd64 JRE (11.0.15+0-b2043.56-9505619), built on Jan 19 2023 02:48:00 by "builduser" with unknown MS VC++:1929

END.
