#
# There is insufficient memory for the Java Runtime Environment to continue.
# Native memory allocation (mmap) failed to map 134217728 bytes for Failed to commit area from 0x0000000081800000 to 0x0000000089800000 of length 134217728.
# Possible reasons:
#   The system is out of physical RAM or swap space
#   The process is running with CompressedOops enabled, and the Java Heap may be blocking the growth of the native heap
# Possible solutions:
#   Reduce memory load on the system
#   Increase physical memory or swap space
#   Check if swap backing store is full
#   Decrease Java heap size (-Xmx/-Xms)
#   Decrease number of Java threads
#   Decrease Java thread stack sizes (-Xss)
#   Set larger code cache with -XX:ReservedCodeCacheSize=
# This output file may be truncated or incomplete.
#
#  Out of Memory Error (src/hotspot/os/windows/os_windows.cpp:3627), pid=7528, tid=13896
#
# JRE version:  (11.0.15) (build )
# Java VM: OpenJDK 64-Bit Server VM (11.0.15+0-b2043.56-9505619, mixed mode, sharing, tiered, compressed oops, g1 gc, windows-amd64)
# No core dump will be written. Minidumps are not enabled by default on client versions of Windows
#

---------------  S U M M A R Y ------------

Command Line: git4idea.http.GitAskPassApp Username for 'https://github.com': 

Host: Intel(R) Core(TM) i5-5200U CPU @ 2.20GHz, 4 cores, 7G,  Windows 10 , 64 bit Build 19041 (10.0.19041.2788)
Time: Thu May 11 17:49:20 2023 Hora oficial do Brasil elapsed time: 0.369440 seconds (0d 0h 0m 0s)

---------------  T H R E A D  ---------------

Current thread (0x0000023fc861c000):  JavaThread "Unknown thread" [_thread_in_vm, id=13896, stack(0x000000c3e3300000,0x000000c3e3400000)]

Stack: [0x000000c3e3300000,0x000000c3e3400000]
Native frames: (J=compiled Java code, j=interpreted, Vv=VM code, C=native code)
V  [jvm.dll+0x64135a]
V  [jvm.dll+0x7d39f9]
V  [jvm.dll+0x7d51b9]
V  [jvm.dll+0x7d58a3]
V  [jvm.dll+0x2691c5]
V  [jvm.dll+0x63e4e9]
V  [jvm.dll+0x632985]
V  [jvm.dll+0x3231ac]
V  [jvm.dll+0x323032]
V  [jvm.dll+0x327c06]
V  [jvm.dll+0x36ffa2]
V  [jvm.dll+0x36fa01]
V  [jvm.dll+0x2fea28]
V  [jvm.dll+0x2ffb25]
V  [jvm.dll+0x7accd7]
V  [jvm.dll+0x7ae49f]
V  [jvm.dll+0x37d299]
V  [jvm.dll+0x78ef9f]
V  [jvm.dll+0x3ec847]
V  [jvm.dll+0x3eed31]
C  [jli.dll+0x52cb]
C  [ucrtbase.dll+0x21bb2]
C  [KERNEL32.DLL+0x17604]
C  [ntdll.dll+0x526a1]


---------------  P R O C E S S  ---------------

Threads class SMR info:
_java_thread_list=0x0000023fc8542590, length=0, elements={
}

Java Threads: ( => current thread )

Other Threads:
  0x0000023fca5fb000 GCTaskThread "GC Thread#0" [stack: 0x000000c3e3400000,0x000000c3e3500000] [id=3464]
  0x0000023fca62c000 ConcurrentGCThread "G1 Main Marker" [stack: 0x000000c3e3500000,0x000000c3e3600000] [id=12524]
  0x0000023fca62d800 ConcurrentGCThread "G1 Conc#0" [stack: 0x000000c3e3600000,0x000000c3e3700000] [id=11624]

[error occurred during error reporting (printing all threads), id 0xc0000005, EXCEPTION_ACCESS_VIOLATION (0xc0000005) at pc=0x00007ffc976af3e7]

VM state:not at safepoint (not fully initialized)

VM Mutex/Monitor currently owned by a thread:  ([mutex/lock_event])
[0x0000023fca5e30a0] Heap_lock - owner thread: 0x0000023fc861c000

Heap address: 0x0000000081800000, size: 2024 MB, Compressed Oops mode: Non-zero based: 0x0000000081800000
Narrow klass base: 0x0000000000000000, Narrow klass shift: 0

GC Heap History (0 events):
No events

Deoptimization events (0 events):
No events

Classes redefined (0 events):
No events

Internal exceptions (0 events):
No events

Events (1 events):
Event: 0.220 Loaded shared library C:\Program Files\Android\Android Studio\jbr\bin\zip.dll


Dynamic libraries:
0x00007ff7f0050000 - 0x00007ff7f005a000 	C:\Program Files\Android\Android Studio\jbr\bin\java.exe
0x00007ffce0770000 - 0x00007ffce0968000 	C:\WINDOWS\SYSTEM32\ntdll.dll
0x00007ffce0220000 - 0x00007ffce02df000 	C:\WINDOWS\System32\KERNEL32.DLL
0x00007ffcde2e0000 - 0x00007ffcde5ba000 	C:\WINDOWS\System32\KERNELBASE.dll
0x00007ffcde140000 - 0x00007ffcde240000 	C:\WINDOWS\System32\ucrtbase.dll
0x00007ffcb3670000 - 0x00007ffcb3687000 	C:\Program Files\Android\Android Studio\jbr\bin\jli.dll
0x00007ffce0350000 - 0x00007ffce04ed000 	C:\WINDOWS\System32\USER32.dll
0x00007ffcde110000 - 0x00007ffcde132000 	C:\WINDOWS\System32\win32u.dll
0x00007ffcc9030000 - 0x00007ffcc92ca000 	C:\WINDOWS\WinSxS\amd64_microsoft.windows.common-controls_6595b64144ccf1df_6.0.19041.1110_none_60b5254171f9507e\COMCTL32.dll
0x00007ffcde980000 - 0x00007ffcde9ab000 	C:\WINDOWS\System32\GDI32.dll
0x00007ffcdfd40000 - 0x00007ffcdfdde000 	C:\WINDOWS\System32\msvcrt.dll
0x00007ffcddfb0000 - 0x00007ffcde0c0000 	C:\WINDOWS\System32\gdi32full.dll
0x00007ffcde240000 - 0x00007ffcde2dd000 	C:\WINDOWS\System32\msvcp_win.dll
0x00007ffcb35b0000 - 0x00007ffcb35cb000 	C:\Program Files\Android\Android Studio\jbr\bin\VCRUNTIME140.dll
0x00007ffcdf6f0000 - 0x00007ffcdf720000 	C:\WINDOWS\System32\IMM32.DLL
0x00007ffcd9560000 - 0x00007ffcd956c000 	C:\Program Files\Android\Android Studio\jbr\bin\vcruntime140_1.dll
0x00007ffc88bc0000 - 0x00007ffc88c4d000 	C:\Program Files\Android\Android Studio\jbr\bin\msvcp140.dll
0x00007ffc973a0000 - 0x00007ffc97f5c000 	C:\Program Files\Android\Android Studio\jbr\bin\server\jvm.dll
0x00007ffce0680000 - 0x00007ffce072e000 	C:\WINDOWS\System32\ADVAPI32.dll
0x00007ffce0120000 - 0x00007ffce01bc000 	C:\WINDOWS\System32\sechost.dll
0x00007ffcdfbf0000 - 0x00007ffcdfd16000 	C:\WINDOWS\System32\RPCRT4.dll
0x00007ffcdfde0000 - 0x00007ffcdfde8000 	C:\WINDOWS\System32\PSAPI.DLL
0x00007ffcd62c0000 - 0x00007ffcd62c9000 	C:\WINDOWS\SYSTEM32\WSOCK32.dll
0x00007ffcd38b0000 - 0x00007ffcd38d7000 	C:\WINDOWS\SYSTEM32\WINMM.dll
0x00007ffcce320000 - 0x00007ffcce32a000 	C:\WINDOWS\SYSTEM32\VERSION.dll
0x00007ffcdfdf0000 - 0x00007ffcdfe5b000 	C:\WINDOWS\System32\WS2_32.dll
0x00007ffcdbd40000 - 0x00007ffcdbd52000 	C:\WINDOWS\SYSTEM32\kernel.appcore.dll
0x00007ffcd97e0000 - 0x00007ffcd97f0000 	C:\Program Files\Android\Android Studio\jbr\bin\verify.dll
0x00007ffcca3e0000 - 0x00007ffcca5c4000 	C:\WINDOWS\SYSTEM32\DBGHELP.DLL
0x00007ffcd58a0000 - 0x00007ffcd58d4000 	C:\WINDOWS\SYSTEM32\dbgcore.DLL
0x00007ffcddf20000 - 0x00007ffcddfa2000 	C:\WINDOWS\System32\bcryptPrimitives.dll
0x00007ffcc6aa0000 - 0x00007ffcc6ac8000 	C:\Program Files\Android\Android Studio\jbr\bin\java.dll
0x00007ffcd97d0000 - 0x00007ffcd97da000 	C:\Program Files\Android\Android Studio\jbr\bin\jimage.dll
0x00007ffcd95d0000 - 0x00007ffcd95e8000 	C:\Program Files\Android\Android Studio\jbr\bin\zip.dll

dbghelp: loaded successfully - version: 4.0.5 - missing functions: none
symbol engine: initialized successfully - sym options: 0x614 - pdb path: .;C:\Program Files\Android\Android Studio\jbr\bin;C:\WINDOWS\SYSTEM32;C:\WINDOWS\WinSxS\amd64_microsoft.windows.common-controls_6595b64144ccf1df_6.0.19041.1110_none_60b5254171f9507e;C:\Program Files\Android\Android Studio\jbr\bin\server

VM Arguments:
java_command: git4idea.http.GitAskPassApp Username for 'https://github.com': 
java_class_path (initial): C:/Program Files/Android/Android Studio/plugins/git4idea/lib/git4idea-rt.jar;C:/Program Files/Android/Android Studio/lib/externalProcess-rt.jar;C:/Program Files/Android/Android Studio/lib/app.jar;C:/Program Files/Android/Android Studio/lib/3rd-party-rt.jar
Launcher Type: SUN_STANDARD

[Global flags]
     intx CICompilerCount                          = 3                                         {product} {ergonomic}
     uint ConcGCThreads                            = 1                                         {product} {ergonomic}
     uint G1ConcRefinementThreads                  = 4                                         {product} {ergonomic}
   size_t G1HeapRegionSize                         = 1048576                                   {product} {ergonomic}
    uintx GCDrainStackTargetSize                   = 64                                        {product} {ergonomic}
   size_t InitialHeapSize                          = 134217728                                 {product} {ergonomic}
   size_t MarkStackSize                            = 4194304                                   {product} {ergonomic}
   size_t MaxHeapSize                              = 2122317824                                {product} {ergonomic}
   size_t MinHeapDeltaBytes                        = 1048576                                   {product} {ergonomic}
    uintx NonNMethodCodeHeapSize                   = 5830732                                {pd product} {ergonomic}
    uintx NonProfiledCodeHeapSize                  = 122913754                              {pd product} {ergonomic}
    uintx ProfiledCodeHeapSize                     = 122913754                              {pd product} {ergonomic}
    uintx ReservedCodeCacheSize                    = 251658240                              {pd product} {ergonomic}
     bool SegmentedCodeCache                       = true                                      {product} {ergonomic}
     bool UseCompressedClassPointers               = true                                 {lp64_product} {ergonomic}
     bool UseCompressedOops                        = true                                 {lp64_product} {ergonomic}
     bool UseG1GC                                  = true                                      {product} {ergonomic}
     bool UseLargePagesIndividualAllocation        = false                                  {pd product} {ergonomic}

Logging:
Log output configuration:
 #0: stdout all=warning uptime,level,tags
 #1: stderr all=off uptime,level,tags

Environment Variables:
PATH=C:\Program Files\Git\mingw64\libexec\git-core;C:\Program Files\Git\mingw64\libexec\git-core;C:\Program Files\Git\mingw64\bin;C:\Program Files\Git\usr\bin;C:\Users\pedro ou renata\bin;C:\ProgramData\Oracle\Java\javapath;C:\Program Files (x86)\Common Files\Oracle\Java\javapath;C:\Program Files\Java\jdk1.8.0_321\bin;C:\Program Files\nodejs;C:\Program Files\Git\cmd;C:\Users\pedro ou renata\AppData\Local\Microsoft\WindowsApps;C:\Users\pedro ou renata\AppData\Local\Programs\Microsoft VS Code\bin, 14.16.1;C:\Users\pedro ou renata\AppData\Roaming\nvm;C:\Program Files\nodejs;C:\Users\pedro ou renata\AppData\Local\Programs\Microsoft VS Code\bin;C:\Users\pedro ou renata\AppData\Roaming\npm;C:\Users\pedro ou renata\AppData\Local\Android\Sdk\emulator
USERNAME=pedro ou renata
DISPLAY=:0.0
LC_ALL=en_US.UTF-8
OS=Windows_NT
PROCESSOR_IDENTIFIER=Intel64 Family 6 Model 61 Stepping 4, GenuineIntel



---------------  S Y S T E M  ---------------

OS: Windows 10 , 64 bit Build 19041 (10.0.19041.2788)
OS uptime: 0 days 21:36 hours

CPU:total 4 (initial active 4) (2 cores per cpu, 2 threads per core) family 6 model 61 stepping 4 microcode 0x2d, cmov, cx8, fxsr, mmx, sse, sse2, sse3, ssse3, sse4.1, sse4.2, popcnt, avx, avx2, aes, clmul, erms, 3dnowpref, lzcnt, ht, tsc, tscinvbit, bmi1, bmi2, adx, fma

Memory: 4k page, system-wide physical 8093M (1013M free)
TotalPageFile size 8093M (AvailPageFile size 72M)
current process WorkingSet (physical memory assigned to process): 10M, peak: 10M
current process commit charge ("private bytes"): 51M, peak: 179M

vm_info: OpenJDK 64-Bit Server VM (11.0.15+0-b2043.56-9505619) for windows-amd64 JRE (11.0.15+0-b2043.56-9505619), built on Jan 19 2023 02:48:00 by "builduser" with unknown MS VC++:1929

END.
